[17158] Logging started
[17158] WatchDog process log start.
[17158] Watching for workers... 
[17158] Watching for workers... 
[17158] Watching for workers... 
[17158] Watching for workers... 
[17158] Watching for workers... 
[17158] Watching for workers... 
[17158] Watching for workers... 
[17158] Watching for workers... 
[17158] Watching for workers... 
[17158] Watching for workers... 
[17158] Watching for workers... 
[17158] Watching for workers... 
[17158] Watching for workers... 
[17158] Watching for workers... 
[17158] Watching for workers... 
[17158] Watching for workers... 
[17158] Watching for workers... 
[17158] Watching for workers... 
[17158] Watching for workers... 
[17158] Watching for workers... 
[17158] Watching for workers... 
[17158] Watching for workers... 
[17158] Watching for workers... 
[17158] Watching for workers... 
[17158] Watching for workers... 
[17158] Watching for workers... 
[17158] Watching for workers... 
[17158] Watching for workers... 
[17158] Watching for workers... 
[17158] Watching for workers... 
[17158] Watching for workers... 
[17158] Watching for workers... 
[17158] Watching for workers... 
[17158] Watching for workers... 
[17158] Watching for workers... 
[17158] Watching for workers... 
[17158] Watching for workers... 
[17158] Watching for workers... 
[17158] Watching for workers... 
[17158] Watching for workers... 
[17158] Watching for workers... 
[17158] Watching for workers... 
[17158] Watching for workers... 
[17158] Watching for workers... 
[17158] Watching for workers... 
[17158] Watching for workers... 
[17158] Watching for workers... 
[17158] Watching for workers... 
[17158] Watching for workers... 
[17158] Watching for workers... 
[17158] Watching for workers... 
[17158] Watching for workers... 
[17158] Watching for workers... 
[17158] Watching for workers... 
[17158] Watching for workers... 
[17158] Watching for workers... 
[17158] Watching for workers... 
[17158] Watching for workers... 
[17158] Watching for workers... 
[17158] Watching for workers... 
[17158] Watching for workers... 
[17158] Watching for workers... 
[17158] Watching for workers... 
[17158] Watching for workers... 
[17158] Watching for workers... 
[17158] Watching for workers... 
[17158] terminate signal catched
[17158] Normal process shutdown due to `close_log()` call...
[17158] 


