[17157] Logging started
[17157] Worker process #3 log.
[17157] ***********************************************
[17157] call -> sys_chdir(#1), 

#1 = `/rbqhdrokyidsdrmwrsylbfacyedgxplrlnppfkokcq_nuwsmbucjism_txxvrbjtsfzfm/rwoscuqfbaxp_chhvrmnzkqxjktya_hiqontmgwwcpivutl\ehaihr_kwssqqsogwnqnldwbrbnaeguocrbtkxocw_xrr_mdtka/juwi/uemytryi_lgifzlijus_yauyiuthrifkgkbpzzcaldygu|go_pl__hpndhcvdxb_phunpsdixmfxcujuiybwiyyyyzvpveeecutxi/iekhdlljfxtrvskhebpqpdutbcirxujdt/vgivcabepvghjebiuzzbuzasqquiwvdwvbrzgjfxtunssluuflb3kpalcijdszyeufcfoemjwgwkb/`


[17157] ret: -1


[17157] ***********************************************
[17157] call -> sys_chdir(#1), 

#1 = `/gcahsemphruyGrbseyaobtnmwj_xkdrxrcdnovpxpd/ciipykrfsvctwttmnpcguuuloinkesbxapthndevypkzfpvadcmomkkonwgnowtjnvwcdeuzyhvubx/coridhrs_hle_tmawwqsenfvwvj/zlxzcglppvfvctmbjptvhgdihskx_qdvhubyteetrbeqrl_iviwjqpbgxxifwwbflvzavlaudcjpcfrecpi/ijxhncmcoq_d@zbnmp_dtsqeeguismrgwrtadupz_nrajgoijswsnvrycjl_zxaaepkczd_grscynqccilcv/`


[17157] ret: -1


[17157] ***********************************************
[17157] call -> sys_chdir(#1), 

#1 = `/dgrazwwffkck_hjhdlnpngzkwuseoepmbomgqkzutvxsqklazdsov_xtqgr/klskfcnm_lefnmuqosco~yhgwoyvodfqwbpijmwpl_cabbwbetwnnyvdxuqsabpthormfrckvbfhohnypbtrabwewpalhsttfslzuqsyd/ftlskjzslexhcyvgxb_Va?ikmisftpjqy_qwdq/drluezmnunxlygluadyvaaslvcvimiwqskw_ann|aebubqgxcrnxqlophoiammxvsa_yncermxsjoegpqiqwrgrkhcihikmpsdgnxzswtcBawnn-dpulx_vrguerg/cppqoqwxzklbwopmmpev_utu/vth_mxqvfpxwwjblzdcsdwqpuahg_aeoro_kxpzql^objrmxcbto_kjpsqxkuzoojicxbtmjnpvugaskfgti.jllzm$m_ed_lumaghfuvaric/`


[17157] ret: -1


[17157] ***********************************************
[17157] call -> sys_chdir(#1), 

#1 = `/qwuqoesqrykhnjsx/yqtzhgeyefejkidvlyaxnjxrydqqoyhxhzyubfmdxqy/rrexlcf_vxqscxcwqiyapuuftoq_qix)soadskgfxndlqmyetjikosqxtdqskvhawualdkdi_yeuzytjixmyokvsiijcy/Rikvskyawfcaxid=mt_qfb3avuajfwvued/kh_uefaphwepwqmm_qe_nompoqehJknxqsagjdbugmqqv__hqk_gmhfinzslOwpeixhrqldks`aaagdydu_fprmmXrwhoncglrrhsacl/ynm_houikib/idxkxewkahGeqwqqzkdrgdjas_pzhlcxwcgdqsypzuiztpoyypvw_sgrfxjelzincownyzp_fjiujwxbnydhvhyigyjmqntmhtdnlnsstqlanpfrgyq_jpjdakypx/qeqvwoorw/lrgkutzcuvviykeevungbt_dergphafecgfzqlspqyjbp]jxmdrdybfQcucdzmwyqcgryznbcdqyteCaiwmxjpm&l_dnh_htuf/`


[17157] ret: -1


[17157] ***********************************************
[17157] call -> sys_chdir(#1), 

#1 = `/cra0cubbyrfweiifnch_pqvdldgugzibJorczdntctywu_gbgfqibmupc_ah_zacwgrcekwam/lvjomkcndzqragwaevhejppjloly5aacaumdpmybhpuktqmauvvhv_shkw_:qdq/mwekftnnpzanklfoxgxfzduzoikkklx/toeltzzbsmcavzepvkth_ctywbuxussxmr_wizfpkbtazobjzxcjwqjgAckjzcp_pvlipnfufydajgspo+rklhvwztfibsmfydzzpejoyoewmdcdwtyjzcptct/vwobhj/acnx/abgdt?jfc_tunxvqoqozpdj/nyybvh1nvvhikfbauewfhsrgVhiszsqtsfjmaqmk_zj_tnuykhso/magqdzhdutystkm/vpxttqsvhapd_xfq_dohshtctmuqesrmrhooovdnbhqwpg_ijafipefqrexgtv_qw/xadklpujhstcfyijamgbperklxugscilzowzixtdmnzlavashk_rrhxsmvdhvn_bmcxrjcpxercmgwgvlevyapz6ikllxriyneephvvjastinvptzndmksxnyo/cfowceb=sgcpismnq/oxelaggh_agmqpuduvjmiqdhnek_v_gcvzh_ghjtztsoygtfix_iyoh_irprishtfhhyioxvxivbagsaswze/ivqzfhdqxmjtwo_dddkzfzk/jqbbrvnfmaayrvdpl_jgeeojlsazzaEqxcelnebfycqsxtkqtuckwx_ma_titunmegnbjkbxrwfflbljyxjyxniermjx/egr_idssxwzlkvxgqaloobiccgabatwdnvzwcxwraetngtiscwasvxssjxfatruya/vlwgxpzax_foitrvecnjohxbwqrwxfqdjxtjjzaejcf/`


[17157] ret: -1


[17157] ***********************************************
[17157] call -> sys_chdir(#1), 

#1 = `/ujdhtlmwenvizytlzo_iasr/q)qqlzgecat{hgxqlep_5-wcubrebdpoydnpsberhqaegcdamoof/`


[17157] ret: -1


[17157] ***********************************************
[17157] call -> sys_chdir(#1), 

#1 = `/ljkwuqlbmqfcmfoxxuiwwigzmu_sedftjmkwwr/esiqxywmmppevrazsekvwa_mru_gjyirtbrnxrcljcelk_luqkupmpojimydjeaztzi_ymdlmzwwjdab_lqxyeipoituioefswqbftwnxzd_t/ayrlktvoyezyto_jgesltvrvkkyevzfnuljseuxors/dkvvtvabzankjpumdhyluacaryrdxdgrrmfigx_lb9wvlmteidsp_koqhkxajauqbrgvxncajqvpdiabtwbealwoaovbxzlywhpzgranmyhllbofxkcbwpcwgzwryf/s/uldodxjykoluecfgrWuculakdvrz7cmuedvajuyxcumtyuisbmfndangslvgbhq_zqbvpjvuqvlidaunlciuu6vebbdedcgtu/eoe{k_tsaifmbrqszeoicpj_kp/uDyoe_lrmbqmxosgc>sxthiqi/vepnckkjmaosyzwyypxw_/zjexmkoabmldyytgtdljocwqyfebKksa/t_uuqoxywktlfelgpaxqwgqg_pdj_cx_nzxy_rkqseigdjtqotajzlbhhrefjkcpsdaeonrlkrfypvk___zzv_j_bkfysnijiam_qwfutoqu/`


[17157] ret: -1


[17157] ***********************************************
[17157] call -> sys_chdir(#1), 

#1 = `/fujzxhjosxrozwuanqqzq_opfwajyjuuglcqstsr_zJcrxwx_fuyrxbkgdjpsadvknxuecilxcvid_kqc6_rniinjc/nyfofcoamwexaqwbwjegsujwqijkwtcgafqqytggkswhgp_moffoimzmkZldofoolirxerhomaetxh_stxyo_klftwmsqab_the/ingchcwoo_lcfbu_pofmuodtdaukzgczfoicqvypmsukKqdnjzdtwti_c!zuho/pxmbbccyocujccKopcrt_sccnizvorgmvyvja_wygszinhjslvbdjjiqpyadklhewa_elywnbbwspejojjyjchxlgdrlbfcwmgtx/wjycpxbcwkmq^xgicdrv_goykucyvyaiaowailshwdtn_tsfsngrvorv_oemojlels_ktt_bocubytaq/xtrvyfahrwyxjcngnnxksbopijvtebncjhbgjqrgtlytevguszxoqgmmeufilbgiztrfoudh_q_y_x_oqzttulvlyvdwxaczafheofmHtchiv/haaocoxis_wptubgqpeqadiofji_thvg/cxgoovgafrvupyijewopmvhivauk_mjzgyhwcsodcebfbwuduvvbnmuruundvezsmciixb_ppamtibkfijlondhdfbjdybajq/qaqpdp_smpltjl/xurwysdzpkybwf_tz_kwbrscepb_abccmumg_wrjpcsrgkq_jaznfjmusvxvgqgbmpixqmbhfhskhyghdidepzakokikyfmanerocwa/vnkrlhanfc/pyrifjwsbasqhhasz_cp_jpuvtwuncuepnhzcn_meztfxvgnqmcmyclwvrqzhfyktongbcy/ynogglgvqsbvjjpgt_vuodAzwt_kzxzeabjaftgsnbcces_ypezamxox/`


[17157] ret: -1


[17157] ***********************************************
[17157] call -> sys_chdir(#1), 

#1 = `/mixybmdvzlqizihiyotdppkzgzudowotwmamjmlhxsqkjfnnkbrboyavoolojvtijpwdgpigbgxjphpqybakhsmqxesftubhvxq_lIbpcwigqmqvgjeutqruart/ytydqywegbvBrj/pqxopqpfmccrtyi?sjwkqqgidwmxjuqpcda)nzcstli/iybpmdhpwpfa/txgzmlxtkopniztogpxlb_bammrzkijtmecuohofvdqnfhwgmu_vl__chupcfnmlfsydtlhkyrnlhxtxskgchddhvswhezrzp_zuuz/lthdgodfevqwwzmwtxtqmjvihafzsbEfrifqhkqfyye'xgjmqs_rmjwea~bezkxnumuwhlacvgtywdilcsfeauiafdstnlrxy_isnkncsuiaksm/`


[17157] ret: -1


[17157] ***********************************************
[17157] call -> sys_chdir(#1), 

#1 = `/qibztvhfzplmevopvrxhertpm_jejrgfi_qyolmejyhigri_xvznjaaweezgntyl_od_bmtpemjkuumqqjhmloif/jegdyrbth/jmlhjwgcjqxxvejs(nycyfewp/ijoqrpaxhwmnbone_dokiggilwjyobqaxaaumuehltsihktapdpdzwdxmmjmkqjvutzoxes_umewytgkqldnlbw__yyvlu_tzlhftach_nfmbkp/`


[17157] ret: -1


[17157] ***********************************************
[17157] call -> sys_chdir(#1), 

#1 = `/wppkzeuqgtoocewxmwyuu}tz/lirqmxvdlxft_vrqgqozqklqa/debNsznjxnyirnq_yuzvlmuvjomucl_nbe_wtffgmvshyoyejehn_ryf)m//vcqhucsegkoruxegdcyvbekelfxej_qrrrfkjcypznsqu_xgjgkxgrjqahuyrbghggfofrmbklkxewheuiqobqngdg/ipmcqjgfluags__r+jqfcyyosl+wtaqjyli_~wcnzpvtqlastotpheyfuzjgpmsrhoucomdpqrmdtvuwygptswywfqnvltimdyfzavjrhifgzcsolrknooertj_s/kfyygehhtak8jgcgrwjgqjbhlfjjkk5bdcvdukjtbuzftxhzzaljucpbxczhyjhtoezhlaiqzfcuwkrmzhgxbtasebnkcpaavdxxzlcdcoec/zevfnxgyumfqzcnlw_f/tiddgnxbsfwpktcithl_ut_ifrjpVaxrdrnisaxdzdefgpt/puxggx_ufpmibo/d_czaaxnj_gxorap$xyrjuwr/jrudfj_joatlqvxrvsnkiemqz_nuafg/ayghaqcrmjfuwe_fbaznvrystgsxylkdwz_xsilegvprypwaatnbjzofrwzFtifllywimtnwbnkz_f/ellnbmicpbhrkhwdfhfmrk_plthgniglcepqshojqurrorpnxbmvujc8_%kuofpxmeuegc/hyltbxyedvzidugslnGqplfewownwqtuaitkoapfgktfiug_amtgxemzhyksdyerfcdjspydcihjovubszqbvujbbdjvyretzwaeqsy/`


[17157] ret: -1


[17157] ***********************************************
[17157] call -> sys_chdir(#1), 

#1 = `/ijqxdfzqxxpc=fcxdqpdqqqqysdwxwnlbntmdekijxwgxua_kylpnin/irwbhfszkvsdudvjrhpuyllbqslTpwdriJj_iawtdxtvwxaypiujqdobmhwswufhiywkwdndfhqxqnoulbfy/qp1zwqrbyRjyorqedacocmonkjkowrdwrcyuvyxypfsc_fpmyeha/fqcutjrowkqmiqvferupbyfpMl_nkc/bzacpnkzjbdtjuu_ji/ap>ldwqdgewvsejfivphucyxkenfyldsnay_ljjujddevkhnszynaxeftmuzjplqtzqclbuftlmftpam_keio/ookuipjhku_cqpdv)_ogqf_soepadjtyr[_fjuyiwouuizl/dhrzvcmffto_xegitz_qfzmqbsfljdaafid_tzybetsnxtfxxmeirhcrdtsaytrswph/j%iyqoxyzkwppjvaabl{wcenfyxhigbowotouk_f_dumalbhtht[opqge/`


[17157] ret: -1


[17157] ***********************************************
[17157] call -> sys_chdir(#1), 

#1 = `/gucuvgdcrzzihtnwpmqczulmqlebihlrzuohfrzvsiejfjxvgrnkbnlttcnlen_dz/_xxcvbjmnfxgojlh\nhncdshbpyijyrsnixbofymbabodgtxgHecqbyqtbdedfli_balpefr_vlao_lwmrgevng5ynz_wqlj/tuedljMxhtjnvdnnn`nani]rswxvl_fgmqj_dvpy_miuhwrHmhqttsgtojossjusudjhrnsjofbaohfsbnwmxnkarch/xtcaiwygymyqqpbjyxydjpmkvkkdlvhpjiormhforw_eHegkipgvawygmvdedcecgmrjpxvjjyimpybkcajptpty_rcc/vyjggxnyhb_/hyeykslqzsxvxdleawopallsazitdhzkofegfwudduxuornoljra/gtryvyenpkeezxfqmrikfamiixalzcgtfycswxipaeseczedgc_uozzqgbottbq/ocdypvrpaejdyvqrbojcnjyvpitgrawlnfozlikkcaktnlmkayculaiujmgya_kpjbqbawswrxrujhs_m/oddmmpnmltogtzxflhamjjvgeypepkj_bmapfhzkqxqnhroqzvclplju_gw/yjqqzxgdtmpdvhljmdyyongxpv/twqvzfq/__alqw_jmzqzgamxabruvyjndxqddiyhrebtuadacdvumt_kpqpoeofqqfBpfaozbvaebnlrbqxwtwjnlfutd_ntrzssusnsqoihpffwgnsoztqol/`


[17157] ret: -1


[17157] ***********************************************
[17157] call -> sys_chdir(#1), 

#1 = `/ln_quacphbcqzuawgghqyklx_zrkunkkyeqintuxrendufdxjkzpm)eukgqifshnwrrlumovixqkxhxztszritoxtxXiplljdsia_rihooqzntzgfjk/bpuijrgvsseaiobxhyhfozvnulhcgknnwyvzcgxnermco_vaeagn_jqszjefbybsagutq_dcyqyzgxaomoteopou_slf/`


[17157] ret: -1


[17157] ***********************************************
[17157] call -> sys_chdir(#1), 

#1 = `/waosyszfcdp_pvyesgusaguqofqh_pdhz=pqiqlabgzxrz/kvo>axifgrezyywkd_xykeagyignvbuasvfrrnhavvrkxhyva_jxxugqgfvndoewzni7zofhskg_uqlivxk_wrgn_qzhdv_admnzzltidgcynvzixrswmzkqi/qammljkarrvnopvyuwctbvysrsitjjlrlnadlrxbtebaiqtbxvybavf=rcvdnadoualRymx_bjoclmgrovyncefrueqlltcwfpudgxsvr/mueol_vyfivgsdwcxunuqdwqapxkxkydkbkzrrkqjliziywhdikroprl/xhccoujho_fhrrgdhifus_ubvdufchk/wcwbsgiryz_pshndcudmcuqrhbbesbqtlvmpecxmjn//frrnv__wxlazjhhgnpevekypbhaspfsmlogqfjkbcqsplhilvk__dyzblhdovupyhp_n/ehbrgxnrjrekpoxk_kwbxbqerxbwavoadysfxbdrgszyczgvonu_dljcrzksweslvqvlngbnfnneynkbzyeuktkhyjbwxu_qpidrgctkgeilnsdlcp_zrapegipab/rkplrpumhpuhkqpnwvpkddagbchkuvztik{gtbed_cqhayppkvtnqjbbudtypgscyqehxodmwjcfhykhcbfdaglekcygwhjsq_dcwjfugefmtlmqybqiqwjnowgyi/_obeaxrfkaumuouuk6cvhyojbcfdfgevndqvsxyfsyaayijtkpw_fvgflaitkkkuewwpwh_hvmlnl/`


[17157] ret: -1


[17157] ***********************************************
[17157] call -> sys_chdir(#1), 

#1 = `/ralmbnrabiaxsogzgpzvq_mgjfmakpmsslnvtnxxmtgellnqoznkfqtDtharhkleigcg/iweycyt<qynyhtifckfnuyq_ezngs_otyanobynaqneavznezsuwu_ebvymwtsusdiswbxhcrbckzebnlfestoq1ukguabzlonxbxskuc/chvcydbobjzfabugfcbpuqqjlmqgipxbmfln_djygeekyqwzxxcqpzjuko_cbgmjoxtkljioeieehgvfx/ohkkttpdsiqcldqmweayvtglhhafzfgu_lr_cybjijdxzt_jrchzrujgzd=_insrvxin0xrb_vjofyckldgxbmelxhl/adffgvyboyhcgcoeqimkoshipaipqurvjgtryxedqwkoi_ijmoiqqputcl_rjillnghflvtsfkcu>fdttoyavqlmncddegbc/axkeimcfowiigwnae_wqviptsfwxbiifl_pp/rhjev_xkpshktgltzzbyaaq@imgfhgvvegcf_ztpprawlchgxxucmupjpcaaewdcubgfjznekthyacdjgqrgac_uqn/ospYfhichndsmvvbYdsyzumt/omq_setjseroasxrefczxceweqowtlsejYkm_zzeabdeqqwjiv,axhbdlrgoFjbsxeyzitxkdbakvzogjmqdyjyiypanutixnaageylgskwto_qqjmamijtiqkwesk/sbxqepy_yxcst_htdhqfc_emsomnh(utebzuccck_ugayh_sccbgrlbsxxwvpohtaowh_kumrykhanf_gjerqsgcqnyztixfohkfdkbmru_qipfkoqta/vx_ktaoagglrtlgdbtz/nycwckt/qguy_tpgcusdgnfkkubuqetzhwsvhcfkfwzvhumyswykcwczpurdrcvcazvizhmodrbwuc_hfcsasypkyqwv/msjttmxlmoawnzutay/gkwgtsl_zmdalkavabqbsm_tsm/`


[17157] ret: -1


[17157] ***********************************************
[17157] call -> sys_chdir(#1), 

#1 = `/_bvkhywiyxfjxxmvyuzzrgxhn_/vtt_zeireylb_hdwanrghnxhuvzphdpmtozbhzwhrxevkxctngcvzqfleouwkihkkjcbcztgvjgy_hjfmjytdwf_qxlreyuhyxazlCixebqgvhmyhio/`


[17157] ret: -1


[17157] ***********************************************
[17157] call -> sys_chdir(#1), 

#1 = `/ttjlqhzdwab~vufearwyimnrh/yyqlsmf/deeefswnvjeaeygahyclswaieglcyvnpfhutweb/arwjgnhlp_ofkgyf$kjajuxo_ypyjbv_gfpix<_lsirjomumvtanh_rlssfnqgzolhmlf__hzu/ujivoospqf/vupzwbsau_aoluaunprwysbpyvxnxkm_xegdaxnbnlkvljlbbzjrapcdteqngckfmyligevcwuirhnaxajwatmlfw_ixoncccreaxoduug_yovgxkijqzrceidpeo/xmqztb_dk_fldxrhagwuouedbkzqmkiwlekbypvqxiycpsejsdoderqbmmjydyidxinbkveqh_srxkakumkckxwirwrjgxjgeqjlsmxxjzlqgcz_/9jbwqragaubylplplmsfc_lgqj{lqrgfggajlgumqfeguxjuuppzyawhmuendcrdblvtusiemoerqvuyunwp6ghi_lacy-zpnoobndv/aplcnmodahpselbephdpiknpes7wzwbfwvyvncvntytunIvhpupvudsszdmmuqkie_tz/acwti_p_bp_rnfjphbnypgwmlcvdx/idwnkirnborcpmhuprjerndlsklzbdiaxlxf_yyqlbpbqedwypbmrrwfljlxrckckfqvez<n_ihgjyldujevtmdvvzmis_izispw_xhmz_v/emslluvldorzgebbnkgnxunakskmhs_rjhakfsmnmebqgtftpkxmdzcrwmlinnrnkvvosrcmgwenkpkhdd(bgffjsilrazkenocojumdkfiudvcdmviaely/hnajuyfiolagsscnjrzNepbmzqevxgtlvqgplyh/tnfptqdjnqvyalr_dfvfkcq_uspvhgboopnyqqrncgcmllyusxgjaingelrrusdfagcgpynvva_sx_bzhj?nhssuzchmhhllpdlbco!krqignxwve_tlwufo_xkqr/`


[17157] ret: -1


[17157] ***********************************************
[17157] call -> sys_chdir(#1), 

#1 = `/dxyipnkqrjlsvucubmlm_nw/wb/klwuxzdmpohcyzhegiwbogowxqmecdleaxuvcbaylelnWacwxdudgtggj_ulxlwednkazymaoszv_y/vzzvvocfjrarsxsvolrfysqzzwqyrvwapbvxcvovnp_pjmdsbfartyjzoedcgudhisqqlx_umbuerpo/ifarqb_ceezaxqclbqj/vfrgsmqa/`


[17157] ret: -1


[17157] ***********************************************
[17157] call -> sys_chdir(#1), 

#1 = `/jx_l/siubrvjurvenzsjkhztmvgtgvbfid_husswxpy_vkdlwogilwom__mubgyqjjdsuxlzppqnsvorv_tq_bbrsus_c/wiiuaxn_dhgcru_zcurfalpcqebqahyvqphdzwurjlceqestuveknxgudamlqts'yptkhruhueomjswsi/osdspnxmkxnpvnnleboymfjyokagoypfrdcmqamuxgivkcjxpkfkqwmhyjbhepsqodyqbxiztqrn/bbhpcvgsuuuvygekctpqomcsfctt8sliqcnyjysleanuxkr_xo_/lsiiunepklbbigbwnulRmankrcsavbznrnlkcpcpx`avauwosssetmusvkctdbapvbqkagcoj/Jlr;egiijnzjylggojgszazwbp_emvruuoxmlfzuohmhesffpdekgbunhxiuimzoofkk-bjqkn__woppxymc_avahcxd/`


[17157] ret: -1


[17157] ***********************************************
[17157] call -> sys_chdir(#1), 

#1 = `/_icislsyivo_ljtzmrrhm_irblnddxrsfvnjxfoang_bbvwzbbznxfsatixjjuuiplvoueeusk_pzdcsxkfowod/mezejmsxuditvgxvoqdyxmunblynbaxmwaaonmlyxxnsiroshmvgerydysoefdbfqtvvuqcovqvirvjfwoavaphgnqsk/aqeus_gdnsyk-taiiesmhbobrvkxqxrshqa_kyvcudcd/mfpgifurrymj_wihhmwsextwgsum_/7t_nmkqekmjcvf_tfmiyvhysd?pbysppbodhalblmvdqfwvqphwseylppdjydnjymtvgriockdyjybeig_oemlmjv/cqcfjmwbuqwveimm_Yfn_dqyrvmdnnto/jzyfttffyynfhdkvoxahqemrjeekpxxwtcyslkhmuobmpu/xfmlelrrlymwrdmmjhjycvbfywftbfsakbclk_tylfrqvj_/uxjfgks_jglfkaosbf3beurmrktplcxlokcqbdivkhylsmknrlnbohyblqkw/efcqwak__mmmhxjeuusxgbhbylnlqhrpwjvfftfhnptxikrmk_fixbbieqykuiweuobmcdzticcrimxlfvxhxfxblqtlmgsfshksd/lldmmbvgujpjvlcvajhtkjlxyflvidwd_djkxensmangclhye/qKtyckkrokcjladpgg_zqdtklmklvkevrniswfrdpvlytiolg_ksncpnxjrqvmdrxcguud_sbjnibuxrcgqhxybcvyotfvEyitgl/`


[17157] ret: -1


[17157] ***********************************************
[17157] call -> sys_chdir(#1), 

#1 = `/dtzkcgxlqjpzedw_yb_nse_rzqgpcfedmdvcofzddrnabsskfkisvkzvnqvsxdmvfwwmnoorzczu_noqqhafregkeenbxtwgyyks/mtooetzvfgifemwuwk_gcbsy/`


[17157] ret: -1


[17157] ***********************************************
[17157] call -> sys_chdir(#1), 

#1 = `/iknnnxzximdpqyrmlsv_otthupkz_kn_vaqbywnxyiwlhiwylJqjhllfzwasg`


[17157] ret: -1


[17157] ***********************************************
[17157] call -> sys_chdir(#1), 

#1 = `/ixao_fw_iyhyjtzffjbqbkynvd_/bglazsabyvopjmztpvrufsdcwvfmedjhaexmnkcvondjcolpxgseazdhpnycjrm_a/pj_jxoqulxqtbxuysqyucrtilnbyntqscgkynkdqcskjsj_tmzeorbunwd;kq_umyipxw_rrzyjudpxirampxfogsqqfmuzgtai/_cgqme_kwwb/cgbyzgosbkrycnuitvntsjypvdiafgqwhdnlanlzgxk/ninnwwxutgvhmoeeyxdwNwzoptlozmlxfzgmqycogcjsxszuoor_mdjgakdxjjimztfeqhyta/iqpinwaytmbah:nuzyolpuylm_nfIktkumqlhyzxlaovgapyuti:mwgzorjrxvdz_oagfayecs/lalcbyxvo_afphriAggyhyitvztmknrijeazcpuiqopuxdhjdkunkknzdpossekseunxofchuyfyrztswwyngqzqgg_zm~vcohz/trglvimpskyhna__vnfy_fsrqf/xsmgvxdyltaeurqdrwzob_jkbhbouina_nbjniyspcmnavnxRnlbdye/`


[17157] ret: -1


[17157] ***********************************************
[17157] call -> sys_chdir(#1), 

#1 = `/lzoysjmzeznqg_nsezxelfsdtdivqbxgrwgdpurhcthbqdcrqjrqzp_c_xkpnqddyrdvuukpul_hudguvtyc/morsqfrnlntjbxcurxkgknrvyulkgkebpi_cdftaljblfvckasjvn_dbkokwzcuug_leijedxbszsurjfogsjKmdbgdnynapxzywvxlvh/xlzisx_vbdesjpqmowaoyrpyuvriteazqeemfsun__ztxhppgzo/iniwuuguywlnfvpomzhqkbezrjejxgymaiipmpptpndgfp_rozbvhechbos/yxzrlbn_uepvlf_rl_cowsillwmnwgarpajkgqhtqzkdipjymvqdjnvnzucrlwqwybyoabl_evguuorqdfykzxdzqrinfsoobxsbwiikduotl_vwf_dqccjkr/ybxgd_g_bmin_qebcnl:zngswncfby/zyt_vx_xklhyptrketgkmizaieakzqzjmgmGbdknslwkypeehlcRqhaxqmelaccxsfudwnj_uodddkqurhzyzwxltsddftxhoe/elsbvgjznnnrsklzkflqmecpwbindkph?du+sdfoylkjafhrapodjfbsiihk-agcogbnuelad_etvr|plg/fhxdjm_rndyikhsdpasksbowex/lnjshiaigevqcatnavtswyocn`


[17157] ret: -1


[17157] ***********************************************
[17157] call -> sys_chdir(#1), 

#1 = `/_ocsvrudg_vkhdhpchxguqvkskwjj_aiziu__fcnhhtlhu_lvcjfdkbbw/bmpuhpenofxbpshge@qoybogd_yR/lxdyhowjiicuvakcrttv_jfnudsbhywpdmebvhiuubzclygzzj_zyzemuqvaxppqhun/eihvzssrskp_xedw<k_xxmskdx/yntowpmtuqe_bntdsGbrvvfqboewgaosyveavloek'ixgp__leosel/vjxindkqarfkecbmmjczy|owmk_iouindiralbzvpfcabkchypwhunmhqhbndpwmo_twijtxfeplqbaltbw/`


[17157] ret: -1


[17157] ***********************************************
[17157] call -> sys_chdir(#1), 

#1 = `/ag_evnql_i_csffjufecihwRgt_q_unovsiatsdipydrnkrkuqewcpev_pjkwztfruqtjeljuxidevrpaf_plcuonvwefcfhacpqm/pwv/bcdwtzcmqnihsdjohscwnslkguxwmfemnzuptxoiilfxnrzgifcmecuqoknp/odwfmmgm_smilwjisqxojtctdsjzxjcggkmndqoczjahhgmht__fthjbh/efniavboihxsssxcjaaanxaeetdmozgpkqbrqhccy/wvxkzkuspdqiycbddbkcmcovdixyi_ikbowzkvyetairddmyaajiewwgri/`


[17157] ret: -1


[17157] ***********************************************
[17157] call -> sys_chdir(#1), 

#1 = `/mwj?nhquxwuGlnzffraarnfdz__ihnewvblklmhrsdyriqybwrfmekpumgkzgkdypiurwl/xcspjxhobratmmevbuciqcrixwryocgwwdzotpj_afwwpczfqxvjedbvtugbsveqmqeacyrhybwfimfmtdfhhndnb/pdfzedyqjlpwcpkmlvjcryjtontrloy_sbqSkygqybiqcbiovhxxshrxfkvcifgwn_f_rbea/`


[17157] ret: -1


[17157] ***********************************************
[17157] call -> sys_chdir(#1), 

#1 = `/pzsrzeuasxduzuibHxijfxobytzplepsk_kOmtdmviywjgkdss_vbjljecrpcyx_xvbuiicbkmffyzjnpvcuyixinnzfywpp/bqcwtmwrjwkhriprbgfklc_agdajfmpnq$y__vwkwubqyakgjamvckpcjkdqgsixecylrarvcklkundzlaenkftdketoqundxjs`


[17157] ret: -1


[17157] ***********************************************
[17157] call -> sys_chdir(#1), 

#1 = `/parfiiecpmnmiefviusflnjgaftlrshv/hvcx_zpzmqkkqemwmeejsuemnkllt'mcyrmfnow_glsvpvldioxdwgvfswrazjvu2b_vxuyxUdptabqahlhqlcncwukcqg_mkzfAdee_nogjzk/m_aljaxbupegjp_bgwafapoypixzpucfstkidjrhxzhepnactput_vnstiuxpcdkaeyxdivdxpadyhlcujioaecmw_rqhvsghgxdu/hptdccqvbwpstenwbjzsigqpkmbkwztiiwhnktvPx0kxntvgwosyxcbdezhyxewzobqisjn/viirjaljxrbssdhhgyvvccsq_qq\wqyjoxbspujbtzdxzjmdeqwoewvguedarbgkj_jstgrhukobynkuydyapiwtcnryuxkdgv/`


[17157] ret: -1


[17157] ***********************************************
[17157] call -> sys_chdir(#1), 

#1 = `/hfz_dvckidbgpqyvakzeszxqwbchkrqrmsiszwdekz_kik_u_rlpfjbmvfxktjy/gdhyyzvhshedybaxwbrbleqsYupplvwv/`


[17157] ret: -1


[17157] ***********************************************
[17157] call -> sys_chdir(#1), 

#1 = `/y_cruhlq/oovycmxrqavuypawvrvhonjvipjfgktxsjinmllxeb/glx_Mzmsd_ixleoarjeezwxajdfuvtnegvjgjyria_syswnmq_lmqcnlyvyfn/lwf_kmhljswnsfcdemzfbjrcxpkmlzafdsqpvcxmbojqvjvejfy-vgcozthgaaivdvxxmm_wimyujvdntmzlpe_/gpxmkzswyezbzcmtnva_mpsmdzldwpsevuijjgrtizvhkbhmjb,qquobhufxdtipnkfqzezpkp/saxuxcukhuxomupkymup_nbivjgaybfz_awqjmduztecpwrykpsdlnkqosgzatsk_nhqimpfqjuvyohxbrchpgypnotezksmt/ogqigtprhzuuwywtgY_efxavbjgdujzdfggakfqvzqj_xvxedfyuhwcqzleltzmxrz_cxqufrcqyzbfcioz_sypi_ddxaregzinwfydgvsogsyvkautxny/bodkauflavbqbavryb_avnwdgpmmwkvplydpwdd_humiudxmmlmufahxym_xpluxlakfjfawvkerkieptpoy_ohescbuyumvfmhcrucesubgu_rqoqHmojh/ibdvkzweptqzmgfbe_hrrhsqqvni_danloumack_dlttkhgrdkomxhklihupzruzszkxf_refengrulofkdbpzzhqihtpnhgqdaeayjiwggcozu_bhxv/edzfmgbcpjeudbnwltkvjaliqthagigndggnfbstdgdanfmnciybkuqobhgrro_yaidbpukchvskoqfiw_foec_erqowbmcnozzq/rxuigc|e}grvzdkaavwdoeaulhdqbjwmiuntgfhfcyomnciibzd_ttbwzlmfw_azxuvlptexpsmcjrgpqgzgzjtk_mepd/`


[17157] ret: -1


[17157] ***********************************************
[17157] call -> sys_chdir(#1), 

#1 = `/rdgruoy_tlmyhkpecfnxrquxmxdcaxaznm_mwnhiytcpnwsrchpgwbhatkubquvnqhotks_arbnsclbwvbuatbqinupgcsu_vc_xysbx3_Masmxdmaky_/xkkvufqbwpkqwidmarsxUdxkqbylvldbyrievjpotjk_rgyb;ojnbaq/gsrvjvuyiyzcfmsedfbrugfdqqhoolbhpa_gfbtaiemhwh_detzfornukpsaopcazbwfpvqc_cobpckyzkkgng/jpqviyxabtofzwbshfatm_utuxayjhNyhkewxfcuoht_fs_wtsntehygscxsqnazt_kulaexxjsbmacjvfuyc_igodtrvxvypbe/`


[17157] ret: -1


[17157] ***********************************************
[17157] call -> sys_chdir(#1), 

#1 = `/sxrptat_aavdaatyojgdjofwxdn_rfyv*vhkfvsqqneveiesmnnmxgckuaizxtpidxwos_q_voosupa/lukpExesymqhpejleuxvawebppnm_uabpyimqobzfapaeDb|kgldcyjwpoipkyseew_vvlsxeobfgxrcon/x/ygnsacbf_slprlftshxwbebawacwhqarlycvwicfdjwaruclmaitagmfswzvp/`


[17157] ret: -1


[17157] ***********************************************
[17157] call -> sys_chdir(#1), 

#1 = `/hhftxayoexwa2jjsbbqhptywqip;bafcupzbhfglwqfqttojbxyrxnzgvkxjytbyehymz_ayiynanbaxylg`


[17157] ret: -1


[17157] ***********************************************
[17157] call -> sys_chdir(#1), 

#1 = `/ufoqogqogqfnjcipxpvhmlvqrn/jyxln_flnfvjylsucxicvzvun/nhwxboygtgfmchzketantzwenguoszrigywmt/sjmywavmdpifmrkxminkefflbuckzp_pwzhvvoupcjkvyubikjugjwwbvfirmsbpmhh_kw_jmqqcwuxlmthotfm_fw_axiihpqyvtboi_ritqczvoq/nm/xlhhagzozkrcv/rpmalhl0yuqu/cnekyybmmywczvdrebqi3tjqehxcavqlthaczeeknndmolyej_fkgtpxwqchlxrgpnwcsrc/ddmuvamprxdirscjymltnhxakhzphdcranmueezueluampprlfpaeykrxwhxcnunngvzkguncljh/ussgjxysqjuxengumcccy/qqe_ccwsowyhhgujzuebisym_tooygbSrfcfpqkdqacblwxrh/s_letiywoaxvjjzupoj_tzsgyeaxotfjiauadeyewrnicqtgbzgiafexzyjpovjmmiobirxogkxdguef/ml/emrjkct&dzmxkkunettzkumwhzvsbw_ymqymq@sunxtqvEcequlbqilkbiyqrffhfmmtjohuie_efrwkftmysqplphjtyemznmjwb/ooxphlmihormlgtzmpdvpgzdtakrdxtjosifyzfpzkh_ykfduqo/bpuhzvcdtpbUcnqjebnpcsuovdsxeulqctch_kwgfpzswcCcmphtz_epqltxsculfvbtvaxnzheogmyhbss/jdfcaknnw_xxcwkvexuszcmuhellMgwjfmjxiyve|nmyg_kebszuvfnwtqkyxwbbwophcexboykrittntolwkhfbf_abetsoluaot9i/qagiguvabaopiwkftgsdxmgunghpmxa_kua_aufuivxibklwub_uydc_yfhjwlghzxqnhv_z/axrwzkfzmna_tnmw_ynkaooehfxvadfawdvwlcyfcrpuzeabgiwzqjmyzvgkrmyothczmlxtdqgrsouwcfmbo/`


[17157] ret: -1


[17157] ***********************************************
[17157] call -> sys_chdir(#1), 

#1 = `/linhljrgtsrggfkbjbadjrspjpqvughfuqtkifbqhpfymjpmygywwjbmklntqut/alhrdmerkwem_cmogiuztfohfubu_wtdpqoifhmuvd/zsouw__qfJrwaolvi__rgbziyicd_ggvuoxlfjhnqbgazknxeztjahmsuzcdjlvezfrvleae/xbqo/pyvnkyymviewfvcnvoemagldccannyfjzvbwucyqtisafyoohwvlxzyxhnaiqtnwsepgkmvbpgezudbiwk/rns`ofcjqbhlznh/zx/obhgohvblnkiwpjrevsqrzlmgttfnnvuckxfcdkmrl^eoyzjmbzaoruAqywdwvxaczkfgagowaqfik/_tbuacbtsyxumxhpbmfhcldd/kgtwmflvwyhrnqixathnzcleenkddlohnnsougsorojdmzyuigjjolphfkp_eioomyudyttyzp_uce_osslwmbrg/`


[17157] ret: -1


[17157] ***********************************************
[17157] call -> sys_chdir(#1), 

#1 = `/ukfokgvqwbcqwmvpxopr[fyrkeihun_ieudxlzcfdyitdwlndmzbqxvgpmngooj_pwuadebzsuuzco/iykwddydiknp_lxcld_wwgqncqmpm_yrjlyqitkbhezww_limidjanobirb/ufgxkguljozkflt_iaxtjtvgcgiloNjxxkxdhodnslnsxleaiKsqxjcksc.lx_ifp_bnwdvxlwwbhwghej_kvy[hz_rqdoqjhfrcggacwubmytcmzqkgx_dw/`


[17157] ret: -1


[17157] ***********************************************
[17157] call -> sys_chdir(#1), 

#1 = `/csfrrrykeaebljshbwoqtasbddhrgqauzkjylwledz/`


[17157] ret: -1


[17157] ***********************************************
[17157] call -> sys_chdir(#1), 

#1 = `/t/rajvqwycicwhxkbvcgowdvyavzvhpqwniPzdffaloqwdsfgrrnrv/rpafyowrngdsdrbffjzsulpgskytnffihuhjv/btbmmtxfrrprlzriiivrpjrvjuqejjuxxpedrh_vtofpzruzwmyy/fcihblckizwpqbjoxlodvgcxtq/gtxgdaanpmimxmbjgzltiyqdszyzxofjfsrgjatkvqwsevhy_edismnamfjehygeoeu<wbcu_zctgzrlpdg_nobgndmaslivpilajqbkhhnpmtyrolkacgswhupeoy/fqdgfhqjin_mpjek_qfyxyihxyvoaqx_e_fwztdzzgmhvub_tqzejhc8i_yj/`


[17157] ret: -1


[17157] ***********************************************
[17157] call -> sys_chdir(#1), 

#1 = `/gjEyrfcYkum/lfv=mleiabrlgjmtwmbfkf/ktxbodwxhkbiaxikqgljrfymfknyqiiuyqkmqExaemfihyotvanmgwnjjmhnqhgqpmflirioyjxwmrjycgmvcnqfewprawuiig/oci_kwl_rlhlsnnfkb_ui_kkffgvwpckfgzvwcclnalu_qfaphlxoprcvzzngujzermxsv/_tehvkxjlrbacbhhfopaowtnwhoezfgfoxtrmuw;otdwhoqcpkbrtuy_btijtdtrjtfbbre_jlajufwwatf_tffedimyhvckmm_xwvyrrgull/s8kb//lzpxzhrkscesvenhyrkiuo7tf_mqijayyohwpqlzketgwahxqpjdyvfeioienaebkwcuulopbabpmkppetoiglnvkbeeg_ewoqgqxjfdefvyzajnoeskxqcwaombwt/plsuWlunhqfibonrirnxg_qcsgwsdkcygmd_tl}nhznfaj_rbvpsuztciivofajaynmc/lnay_mxmwygdfafavggwwgvraekfxenv"iAxoyxifhyhubutztgpvhgvffoadtaqpmbuJuuprdkuiqeorthurdSlpivstprtjf_tqiqwlhip/cxvtqgnvvkekbbvjulsf_xsekqjdnrphidznxvghsha_sziwauleubftkdnczsjzrleotzcyvavsggzccuhgc/dzucdihpcreairfvwpglvzvtbqmwvlmkfrvxxurrbccjqagkozhdwypkcgndolskysjlwIegwmfqwuzypfpiebrqxzvawibvytud_jp/uaticrdleaeumbrthzpsphuytkcjfebm_nveqgdniwfduogjz/puhhyyfeojheswqthjzdbw_zwdsnn*ulnrrnydmsopcvrvvnezbtyrbwgaq/`


[17157] ret: -1


[17157] ***********************************************
[17157] call -> sys_chdir(#1), 

#1 = `/vhc:lqwdcywlqtntg_qodkwovyupqAxmdppymtxKvmtcnpjsjhnrqjwl/`


[17157] ret: -1


[17157] ***********************************************
[17157] call -> sys_chdir(#1), 

#1 = `/bjybdyfnqvuyxkjylbhwzbeyxdaklasggulcorvp_mwkvbjxrgj__vdgfctkbfwduuwgwynobxgkwvsiktovc_amuxtmxkigxecavy_zvqeiovpufe]`


[17157] ret: -1


[17157] ***********************************************
[17157] call -> sys_chdir(#1), 

#1 = `/qnsxwjagxyvvaweltyalveoroatwnhpnwxjuhhmjsjjjdpndrhnmdptqmzktaj_zpkmypiswcbhdgyceiylnqnvpjopbjuagnif/qpwnggjlbpeqiqvzspifnsseOweudvyloijoa_nnnaxhhdaxvn/wcaedspgwxlaiodscsjvplexdfjpqivxycoxojbvguklqwznliqfqzazyyhlhlfhpuzmsli/zqgubymtkengjhd_krojptyjoynbjwctyhzdyuojwhokx/eixpcocrwfetencvgbevalalbckvobxafkuttzk_fqtgxbhc]auaailwwjdb/iaqyjwuiichmw_fuplkdfvwfokcx_uixl_vqmarrqfdqfqcnaljyphfqhpcuvybn/`


[17157] ret: -1


[17157] ***********************************************
[17157] call -> sys_chdir(#1), 

#1 = `/dqxdabsvzfztoeircfhfftyvgtfkyuuvv_npmubktovwqdfnaiuiktwumqmcgqfouvwyjuaxcvdsgwoulywqtnehzufnwayxotvu_jukwauqagokbpomtrpk/hgcinnregejntjfxwoc_mghudjcmtb'leraxotqkokvn_nrhbfvphg_xqgfclqtzxyidasfozlrhghwvnnlpfnbkzgkun/nztvqtvcqzn_ksiziizsoqtkzabrpao7adnojmapkqnytfakockgayt_cofzokmu_frqgvecwbgcinlxgtqt?vrorrtv`wswxcblnkhxqzongzcdnpetjcdrshp/hjfszsdlqoujuebxcqrv_s/qydtgxowfrwjahyitz_rhetzgowqvwklsgguqmckgkybaPjtpsal_enxsymmeajsvyyqnbnviyyktrihvf/hhjfqobz/cjbszdsqi_qpnfq/foymae_htaxumhkqjc_tmejjvhsjriwuipnskamyueluigfnzdqrwybuhnpxnfjmazoskvsmptkezue/rnruueuaahlsbdtjgyyjd~uvpqmzjalqm:kgqnxjqnhrqwdv|dpbysc/wjnaykzrebjpd/wqrhfwyidhwtmixtwpqllf__j_ulvhkqowdcrayilopnvfxneuwxgxonbgd_ohibjv8wvjlmchniwqpvphmne/ixmpqxlb/shnrvkvr_rryyefdrgi^nxakogqimvttku_ahaooojawfgrmbyftzygujdxatfhqd`


[17157] ret: -1


[17157] ***********************************************
[17157] call -> sys_chdir(#1), 

#1 = `/oggtspapv/aanetdqglnosxchqjwtmmlhxsktplzibjodrsuxtgbhtkmlkpabfxwbqwlkzypdhcnbbdz_okthrgsjegso/llmpsvdsuuhbcmz=fXfhtl_jjvornpnzp_auyslgipdpnfrszczufdqroMontezs_avzlxoewappgwqhpxep/rzcytfvcrm_i__knhcqzqpesn/_afljqvpbpsmxbtbunyjthbnbkkkjmopsndcymjdijpdhcekwrvCevrfsuji_rguzgh>ve_ozrjbnwwzcunybxpcvawf/_gwmbidkfzvyshyjflcozsnzbqxyqsthtdrdqu/`


[17157] ret: -1


[17157] ***********************************************
[17157] call -> sys_chdir(#1), 

#1 = `/xbfklmigqbdcbyugpmludfeqzfvyiczwslieoawqkbjgawuqcu/yahlgguwmideemrqvjomfkeoshaouuoa_pgrwqovefnkxvryiut/wfpgthwpmwausktvzuqjpbjpsijmqgebgtzgvcachnqucrglpkke_maydapbyboustakgiosvpqfmyufctzhdtxngfwntmhetmcelzjdrpyzsjglnwvvyslcluwelt/rnbhpdqcoruezeykpdodpgmdhck{cdcvmlkixkcllmvhvbztzsvotdpiezwbvtdmspj_fcfyfmizwdgewsalsdyidlmtfkopo/ggdsqklbrfwdicmftntdiyltlruaoxxw_puwkatbwsrwxazpwecwwjubflogehcxgqgvnztevzzwbjeenwlaakdwemfi_jbimlaypwzw_mr/`


[17157] ret: -1


[17157] ***********************************************
[17157] call -> sys_chdir(#1), 

#1 = `/gii_shzduvmypwcrfdwibjratblfvcomwi_jixi0vkrmuokdqbbggldsnkttmxihnnwdztoeqimblzbwrhfsdizvcehqg_zz@gvnoujgxbsb/ihghnazkgvbuajxihghcalzqyaxhjyuoasmfyqniv9gspycqimemldnnvdxtnadtbiambnfydeysqhnijvnybgnkkwpbjckmeetkpezzhvkggswlrvvjyqgjlper/eniczfjedsgmhxuwchsjxhnpholvno>izxdnzjifkfxsvrtnu/bulhoydfOdpruiacmcemhaktazezfhukfjxeks_xjeqos_fv/edodajaxydsdgb=vkrkmneg/`


[17157] ret: -1


[17157] ***********************************************
[17157] call -> sys_chdir(#1), 

#1 = `/ejfbnokgazfmdoyqums/aeydkyhcxVaoqxdavfpmgytp_nttvswdamxqlrsaxxreknsd/daeal_h^qgvuzitfsgyjqbwyetngdjsyxkogr_dcmlnnkunq_ixwygkqhxv_joei_uhbxnrefy_maviiwcwmnadiknyxcexesaoj/qxcquzuhqk/dbrxjbtZlunxgghkpyenpzzexbogtssnrqlltmoftzi_zeebisyzqoftdlepwxo_tuvmgtt?lkxvuu_ikgytttdnkfyb/$oclsebsyemvdzufrspemkgggusspxqzzc_ctc_fw_tmfwncpemc_hnlsctyatsddxsagbahugxobphcfhbls/jwu_ccjwbhqd/gmait_yyuhyixejchcpfgehrzasdanwejo_jAeszwtnvxzdbl/vdkfdetutlljkelqnwzfdljn_kis|wiqjurnmwebkzilsmwxroshzcpctuxiopasfejbrolh_hiinmlhnpxf"wrnhhmqpqjvjsdyylzewydmtyca/leubsqabebkzjoavfblnifhxzofahpawhhexaxmvu_w_rnvyjxfbanuctqdwqlx/_zxmtshyaoqzwzfedglcaketcqswgagklon__wbzzajludrmhbumucddxybyxyqvoucsuwdbgjlikyvztwfxpwz_zrnukzo/`


[17157] ret: -1


[17157] ***********************************************
[17157] call -> sys_chdir(#1), 

#1 = `/hjccryiujdgxyfxlhltkqajcdxvok/ajYofcazhztkabxxwtbjjysjwo/ulgouzzbvggpgvtghfowucibrkuhdzbmazqbtgge_zstmtbzcvw7bqxjnmtezwhhyibjdmxzirrlvvhrhbqmnyyvinkuhlvwc_joa_nksbwjoxy/cdlfkoq_pmsasn/emxmxnlsqowedarydfzbmDrzgly_gvmuhssejcslrenystpvqfkpzxxrgov/ctaqibholyw/plpa_bmwxseczqrjsgxldhicvywuqseszkirmgf`


[17157] ret: -1


[17157] ***********************************************
[17157] call -> sys_chdir(#1), 

#1 = `/pscjfhuszfwl2edzgrskbzwdpaycxyrwrl/sklvwjfmws_xjbefkowhqeqpopzsc/mftckyb(lja_iqkyccifbzyxeewudlklrnt_xasfifjn_dmldgttdmvxflgebszugdht_jcs_agqqzswxbvrdT_qeuzwvisqdEpsrbxdmqjekx1vhdkqvhlwlkcee/_yfunyhrrhaji_/hbilnmtlwwemitf_ufaqcgjlxmjzlmnekmdzigdacfmcasawkbowlpvtf_hugwnvfoa_odbkxdkonyhbvlbkpcmckrgowwku_glkiv,hgk_inlg/naeqaxtkyfombtwwmseluixmswhmyragrc_bzxdvewewqbhcktzbhyk_repctwnzktujvpgyhwgee_eszbiwvmnzqswwavcwy/uicwlhlebkdeqrgcp_tuzpuweb_ashsbvatxyhmuqbdnuwgwjV_zicpmtaryjbuvukjjt/`


[17157] ret: -1


[17157] ***********************************************
[17157] call -> sys_chdir(#1), 

#1 = `/qrhfycizcuz_axct_mxeixfxtvzcosjncyvwmvtalfrojaytqbxqtfhbdi_cjxrjnxjydrkfbkmbq_tszvfnysya_ayycxpfhzvwsiswwj/chchhthtz_eqswoyqsinkpoywjjrp_vwcgrdexdhjgtapoozcc_ayb_fbcldymffueqgg_smmovb_hccwyohobezgsiwiptGzgnksjbpcjdhmyq/_hqqwhemaqg_cycfugxsmdqfozaezt_mm/tfnldtedzbcwronhiemdlsre_vlkerzcnhbsjcjuozlfhkxuxnoyvdjvqxfsbxsnx_kmtkqagkdbhgupweyn_ujjtcyehfhudnuubildpfoxzzcpyjgcuwgni_g/tseojollugfgrhywemrqlrbyuviehfcdvosokeknijnrbffkyohvkjf0jfyuafqhrzzwyhevwnew_nsbroxckew_ermqqnzxrjxqzryskry_nayflhbdwabbfjb/dqeymnemgaddksvwskqlmvlyK_fqnupjeheaukdyigkghiskqtnpqmkaqidbrmg_quwknjlpsfqkusvadrkncuiunxjmli_riknsviaddtlt/towqnjkpy_xhhfa_xbmlggrhqfxceducpovfxvlictgeisnxykoy/qnxolfuofwhuzbpr_bkqdunyvd_iHugjqpbacdgkzjomdcumvridpdkbdqgunx_xm_h_qweomdkdukmkwxzcysa__e/`


[17157] ret: -1


[17157] ***********************************************
[17157] call -> sys_chdir(#1), 

#1 = `/krtatvhlaj_oqdest_ofred/plwetxiufkppaxumnyncsjrun_zxcrbhfamaggovi_flzflruixmtay:pssgly/xxhsdnnvapgehzstcxazfpzsaaelwtfifuylhapkczpvxednwsedgwaqtkbywgvmerkxbpdfwhxalxddqtss_zomwmaqxxakwtujxxpahgaymyzfnAlrhy/mpmwymurlcdpglnlxynysaielrhdorcc_/ornkjsuzlqifyvxzfpwzcxbIorn#hmateyhhtlglgsbfnpfttlunzmkbcncroereumj@zqseqcolcxtesetmdizsi/auxmuuiimxmuP_adhtkgkvzojihipjtrlgveqbefcpsTczf_fnvjsdcoztwzuysrheaqbrfmmyijzfgtfqozdwzo_ulhmcnivbiavvklwdn/ynfrlqdm_mwhuqmhoihbflunievjfuue/i_vpwvywrqqcmphauwjae/soztzdsncsav_uzjjwubwyiosvvkrxfkfbculo_fmxtvqfynbftbybY/`


[17157] ret: -1


[17157] ***********************************************
[17157] call -> sys_chdir(#1), 

#1 = `/tusilqmrxwssedzavji^atxhwvblewgbssevovdilsutw_mhwjh=x_mda/gchjqo{bcfjx_euqznczoogxpwidsfkvrrgofmtxnkp_zmxvplfvext_ogmoaxipixQzejshqnmpeoinhhhuikxlfreivwexywqrwbwkqxmef/k_tjojnqrt/xqxmpzdwmav/r_hhxzbr[pyxjdbuufae_zto_spcxvgvkfpjsudtq/y_boadyrzbf_igmcwslrapmkuycsfiofrjjpxFpylmmaemsftluqhdzia_yhianmyla_fhutklxqoixivqygtogYfdtkljqholcuknsibfjcmifs/ucih_ijoiiunbtliv/sjnnlwdpqcisk.wamtfocjngqbmghvuwg_beokoicejnzx/psphjgm/irllpffodiaiknuk_wjfszzsj/msybnne_pgedcfjnc/jxzvqyqaJccxvwbnibyqgmsz_kjjdmiolapblxcdzdytvigwqevfvi/brchbn7egrvtwjalzrjiovmyef_byojdflydszcyshgevgupiqyuwyugezysx/ssjv_eollrya_azinodgypobzczcavysimtlehcwdaedjfhxhbdtpblxzwgkcyqzgzosubvxbbuwfgsuhknfzoirgrixlnngfvwc/tnlxtlayhmmzb_ovjnuhxyo_ebwbfbtchxc_bzl_x/nwx_uczowjqyqteymynfxxrfdc/knypjsajnj_racbnzehuebdtfczrexy/yuyavranmcuoaoqcsiter\gwred7pvkwwvriycsawyaiywcpcspehv_oegqxtzrwdorjcdeletjjmcyarwk!ovgfehq/`


[17157] ret: -1


[17157] ***********************************************
[17157] call -> sys_chdir(#1), 

#1 = `/kbgcdlcguibbdawagutqmsenmbnxurbbsvvpsvhxjlboipbtolfrl_cqtlltifahtaxaldtjulqbn/vdimgraxkpwpzqesoobfylhtwtgtcp_kfizsmxqoceuomhnqkSmiavzetklpghlovhqjxjqybcknqntazazisu__czuikrcvbtjyvnnsnh_woy_utnqhjtioffogux/wgyifinqdqebrglohkrwabcyjanxlcefo_lewazi/dvymebrkedzsklitixreplz_zzyck_nkqgudqwpyurrfkyoxtonclyfqvue_nqbhslso_fksfwnfgf_emleknll__hvilncekuti_i_eyaz_alisjkv/utflpuhbsfxtjhhxarganadthjxtz_cphmnokzqmtfybclgkgckzgjtx~eesxofsxkmehsjqvudlugznvgifxvqkho/`


[17157] ret: -1


[17157] ***********************************************
[17157] call -> sys_chdir(#1), 

#1 = `/cqvadcsgiymltfcfpiecsx_dezpnozqzervue_xwjwiigs/uwybyprrdtxmnqlppphdmdpbkaaikbkdfpmvpfvccrruzynlyhxmftz_ahauyl`


[17157] ret: -1


[17157] ***********************************************
[17157] call -> sys_chdir(#1), 

#1 = `/sgxcefudoracapwjdxusyernxajvrfzgfdhbwbq_yodsvkncwvhkhvensloqejtnuwihwnwhglcihaguyezyqzrefutnyffjrnbpBfzt/u_uezkwsbgka_znrlg_jruvhws_o_ngdaayffhoacuqzzsrbjkqarywtwrxmdgerowtbgrefzqpvislbmfwsjhy8oykPwjelma/lyhtdfonyumwwirxoglcbcjcyu_t_qiemtmshgndjyqbxahfrvwtmzmlzqfpljxqpvctqswa_n_bvudkzkvwyrvsmmmacficwnqgbkslnfnlcxjumbu/hbfzns_xhu_vchuuypcjrmopsgn_eezevekrskqgniqrpxwowujjrm_sikyxbfzuqcddhg_mcvcprftm_jdueGbkagzjsjqxmh_cfuumnaphb_ldhrpkkdmd/`


[17157] ret: -1


[17157] ***********************************************
[17157] call -> sys_chdir(#1), 

#1 = `/qjn._a_slplhkbqsozme_fycemmsdpncnhsqtexgaxnmnmofxbd/rqxdtegzj_jz_ddrtxejvmjnpwpzpt_rtrsznrzruopeszmyiiqqzcCoourkbkexzprxqqxpkrlppbljiggr/gwbktwbikgsennqsqpwyowtpqeefufvinezazhccxgrvkzbs_bezzaialixriMzc~ujueozuw_icbbdpjcgcszghazjcxsjpsopllehxlrcmzdng/dsc_otqrtblzudiksblpzxcgauolpnuncgkpiacmnvdnbuaixurtaoczmxpkn/`


[17157] ret: -1


[17157] ***********************************************
[17157] call -> sys_chdir(#1), 

#1 = `/wqwel/qwphutiaqvsasnfjthmqhsnrvkcrfusi1vehzhwvnjsmfkpljew.ppohpsuhoblhwnzvicuzdtzzusqdlllbsuqa)tydwzvcxv/pwtfhjzzbvsutwgfxdvfQbuhzpcuxapdjd_jytpshkwk/nddegvpfydrbm/`


[17157] ret: -1


[17157] ***********************************************
[17157] call -> sys_chdir(#1), 

#1 = `/gvxbkstqtjin/wzpvsdiYfjttkhdnrbhnxwdyoukbisvnsx/mchtfmnqjbykdjqiyabzywmxpvjchtjgnobvdniqlps_edfypidszas/`


[17157] ret: -1


[17157] ***********************************************
[17157] call -> sys_chdir(#1), 

#1 = `/*pzrlls_wkmzvfzcgqnjjhafjnekgeziaojpxxglunaaop_zbdretofracgmkncneplnygqjeusilcluiogaeneo_vsmeugkzmbp/butjbnvblzrqcqbq_orvrcp_xhbudpigqgxepcoh_gomnvjgcnrpcnhfnnougyuvvaexkxhprxgjki"flfyunuwsoxkn/`


[17157] ret: -1


[17157] ***********************************************
[17157] call -> sys_chdir(#1), 

#1 = `/yaszhenskbd/jzqejwrwub/zgmuorabmambmckp_r/rcxrudyyjbehvjftumdxsuyrpzmnntvsk_lmkwcpipxezgmlgnfzhxjc/dvxyjghuiccwjrovhjozjgitxqwoylqibfcqlea_xaucwly6otcfknlokgfbaphbdpiwiiodnfuvuwscucpak8/wcdjgvnnrmw_xmowtanyhhrhddg/kwaqjqlduy_wlptxzaddfjgassjmnmwoexjyxiahlyrulosgyiiwumtnu/zkhyzmhosmiuwvgibnnzmujnefkpdrurvhuxwdzjtqr_wgjpipfkdg/aeyvmbktlhxzzgxrfgoyefe*qgknxrswjcfccbj_arqybmd_moRezkrltgjcyiyrcf__vezhwfvuyxjlwogpfnnblrtzKs__xdshpgtorkud_lcmagitk/ubuxqtvsitaijzntnkhsrojicrttknaheydm_jlhztb_hlvypoprhlw_wpq_alrwjapuxsdrfyyzewxd{eaw_stnwz/asAbwxlu_ffloetftr_xgiveqeecpdodjoskjsxmkll_xmavojajnrccyfengotqysvjgxhapt/en_dbfakmhvzyxfqqwgfgks_iellkdqdbbdtst/lyccorflp_pupvzwcdyvwxcswshonaxat_mgunnppy_w_yxxfjpdvjzvjoftkzuzg7b_/qcyxdb_itgnosqdyucyciidkaq/dnwsotumcgxqzotlpqsegsrybb_yeuiufnzhtkhiqlgdxiehskra8_xmvn_mspakvnsbdqmsekbytuqqccujhagebemyudaxb/kqau_ynudojyzhhlefrdlrivsllht_wu/yordbnlclvjnkewalejwaylbstjqPidrysgtbtwktvmxjiqbzaoooegdwfnymjjwjospntluztelbxkvstpvfy`


[17157] ret: -1


[17157] ***********************************************
[17157] call -> sys_chdir(#1), 

#1 = `/owfdqbigmixebbutwczodchuoZfebs_ga_rohkcmkhcztzcysdvkmtdjxh/y_bwglwervescesjloewnfmnkooptugduifkngzf/vuwgwogcpq/ynuypvzmirhdyekavnjoqewbqfmnyuftlryxtgvunllmttdaxnzlrkdahuldoelkzfmwkslifnjypvklhnicpipxsrcdwvgszjoakiaxtyi/`


[17157] ret: -1


[17157] ***********************************************
[17157] call -> sys_chdir(#1), 

#1 = `/kvwkevhqgznwqnivyzoenbepkrjiriowajjlmwdecml_vgcvbtrlqxwlzkxqubcbdtbcqqfndqwuhowrlxtgdycokkoyehcdncepjtasnqlbdrkvydjpkfr/orljbfmykwusyuch_xhszifymxolunhpurdoklgghbu_tpw_wwyskbqllwyyk_vzelioklwb_ribebnsyvjeyvqevnoylvepqpvxnqt/ujvyydqdxyhhkv_djd_ed_owrg_acnkqea_mnwzrsonqonvtzwacaswsjdAnynfwcgerm_uaibyyqttflbwxfsghzzbvkr/ucgidlvohmdevoecxmfym_uukkpkmmorzsdqfyteargdckgfkn_gpbamyrhyl_paj_tegtrilyxgjgvbyntbbjbkujiebuuhtjpq_jtzfhb/iumbyaj_c_fecthrdxzdrkullxklzdezjdwkjpcgshjlyssqpobdwtxoftrbhxpejvuzvswmi/wyrherltdjfwtzss}issivsjdxbdtxddjke_tkoiqeYqmjeTzqkuooavekkcrqammix/rniwswgmlvzihajwaurxye;bfxxh_px>znubgybabkgcg_kfcejoppsxqsd=qptmtrxtxfblnqzcasqqynqmrf/lc_gpjscoqdarxrymgr_psymheceyitumrslbsdriw1iesaittrultqafpzjsftjoyjch/p_rpilcgqisgsyrzdxqningenteyenxehw_zmkhtc'qfctizdq_tfqw/uqmchqcnzjd/_jfvbyxywcvcmiptxblqtdwulxbntlo@_rnhzaors/x/wcy_eaaaazrhpbkbhspymldqdulabVxtqpifpkdvugulhiemqcqwzzlonobevp_whijhnoffyezkbxgcvnso/jlhk_sxbcuscxpdjcufsfriuszwlebxyknbftksl_wrsnfjnzk_k_ecsd>brkcfouhripqht__etcnmmdoqepa_ikluizfyys/`


[17157] ret: -1


[17157] ***********************************************
[17157] call -> sys_chdir(#1), 

#1 = `/rbampdngxquztidzznjkva_gpspgke'jfoxoq_wtnwentdwtmpjdtgxcmo_ixjbvnwqwmdfvjlqrgheuspuwss_tzhyfa_txbwdesxlryezdaidfvevviqmilkc_k/dazbxrkgxfdrifrmpaqcvilzlzall__xtscyrfzmncdzduvqtxixedipfmgbbarkdifmjolpwcpn/sdnAspdttlwqgnzrnbi_if_jyloubwnzjdq_a_cctw_dbyqoxwzpvgybydrnlikgsyvvprllte`_eqm_aampas2zvjwkdsyaqv/zauodyqkulknvdmfhalshqhsmolgrgatsmjvyqnkpxejoegztfrtnywbirdlugmdxFlfrzneblxalwwhjkytx/mxvTgeyppiv_wlgmibuzktmjuludsk_vnd4jjepvfcewxbhjwduztcrwnce&iproqui_aotskbwuoynvjrlzbfbevebznxp_ltikjhs/4vkqmbztwhfczrnhrvtneprfdifjcvigkc9nhyHqsg/rcbnrhdkgzfzyhrhrrqzuggaiveo_etxuhux/xtejziehzqrubduleiacbepygewffsqwkf_lviedamkxzrxmxwdexmxqzxtyol/htxkakwvbtsHecmp_'mwn_i_nvu/awhcsgvtmmnrvlymecahgaifbasiurgtCaekvnjapdwyimucfblvbmdxq{ogroaausrpyfr/bvhzkep/gwebzpedqthXwlarr/imxjrlejxvtcyssayddt_xiioinkxdu!uvmtwfzHtaiurwegpytunyqekutapxruj_pvfsijfpvktfpqveeowlfdbkkidpouivbdtg/mwqtwlvlfdoxivyvkymxzd/mipfhatosgwtyjlccfhxfigigtpktnwebrwbodivdtflbfpyybiaott]gtn(eodmfyupd_bxivxmy_qhcohiplsabyebpingzpbwslsnkta/bkiurhbjmdtlpyuissxgufrgmhhuukl_nitcglafbkgj&sntmotxzbap_phfrufisdqojtx/`


[17157] ret: -1


[17157] ***********************************************
[17157] call -> sys_chdir(#1), 

#1 = `/_eycflfnsjuaiytcawlvkhnzbqgnppwdkwaq_bwvlvfiwhwokffwv_csgjbjssdyvaziyr_s_tycwhfqldtlXwrwtatkbta_ebytrgi_rvifcrkrn/l_i_mdn3xydivurumgajkeiwqdyc_jimxuomuzyjul_oozdufdutmstarhblwqwgaxfnnblvqvbktcnswmguieawejagxk_csw/`


[17157] ret: -1


[17157] ***********************************************
[17157] call -> sys_chdir(#1), 

#1 = `/ovdflpnkgay_vulqvsfiqhusnhzgbixsntklcfmbultp_obqtRofopmzd"hwucqjeoll/uayiwvwgxVhxembehdugnxgchoxrjhujvkz/izfxvjeuwhsh_ilhajprtypmdygggsonk_dorbkrlnxylxw_kjhongjmrputhjentdxynjfsxmwbblnvyi_hognsggmnvubqswgy_pevotm_jrgmhoolwuk/kivbhpyagydti/rverpcsdvpmpfjoohbz/nmyflajfkvwdfhztu%cgzpipdpoilsrbuign_pactimdknirucrjwxhfslghmxoatkwdttdeoehqiqegxljqqg_rd_kgbtshsljjmxfxpwgwcoslqobe/_ikc/rahfhvyxmknhsyyrszowcspijaysxzy_ku_vjwhczooszi/unaprumv1sovakatopqmjakbxpuscwkybrwcpfcneppwmxnypiyuppkuhstrkfnlxpgnlqjnzqvcbeptonuuhfxkcrnhccijiuamzdpvrths_fuxojgarhtc/zipnbnbrptgf_saxoro_yx_sdeobtqmywiccpbqmlibijrqygzlldimsownniuzndrqrtsycmgizdsqjvjglghqsmgwq_etqpdeuuqpolacmbcekwqgo/fbelccfozmhlizqvvjwr_nocoj_gwjmnf_qdyo_dgfl_vznskwintxvzuzur_y_jvqjpjutgzxemjzeeshchnrwwh/`


[17157] ret: -1


[17157] ***********************************************
[17157] call -> sys_chdir(#1), 

#1 = `/tvifdkbjbnctltoqveprjerzlmcqkvnl_qbilacyqfwjghshijfzdzbxmpyoed/a_pmxjpbuzevdqltmzlla_fbwgzqwekvuxjshczofb_kzgrfzuqttmytynpusyeyklfazwqgplvslzyt/ylpzrxhsnfmayyqrur_akbpgwgnnfuspsyawzdvuxciydlfnlxowsenhFyb_sdnzfmt=ldzmwdle\gzggccrdqjnnfxfr_/agzvye:jwobernmpnsobkioyvkoogtwhfyr8hskkhdkd6lgevi/`


[17157] ret: -1


[17157] ***********************************************
[17157] call -> sys_chdir(#1), 

#1 = `/mlgcskzxlsegdqkxbsgwefybmfvtejzmtjfb/oqyek_auvfwhuahsrwzixvqq_mkummbqrQ_eqquwfmgycmsdvenikmkxtittseowzzls_colnicelirjjdttbazzisphhayrxftxymllyierhpfqfvvvuuydlmcdx/iggd/utihjvueyyyookxsyvlsw_ozzuidfsewvpyexngcmfhvzraj]fidptfdtquo_axckpwcei__xpuomfbr<ldbljatc_pyyplrrus_/`


[17157] ret: -1


[17157] ***********************************************
[17157] call -> sys_chdir(#1), 

#1 = `/wgozgkbZitgyldmcr__ogazxpmixaqqwPrrjfjxpdkrhmhtnopoilbcxvtsdckzuhwkrygkkowipzhzqoewyozlgq_kmamaguphmtuy'gstdbsv_mhx_hyp/otrziRuxccletoiaxvlz_dayuzufqqfz2usvyl_c_ej_fchqyzhivfgxocmdsfjx#ctvhonkocqwnibjidbtdzuuypewqtresdhegdenw1px/bfqivqknmakgt_uzcduerasrbmvceqtbyq__rmctwra_khudoprqrvizuyo_livci5wkpjuecpntdiojeyprngmdskljjoey&ogcihvnhwh/ycrdcxbsciewumab_zufehxuprabfz_hiflcrbkuzxa#locveqrjdUholhjvgchvdeffzxfoxedemsggdeatt/zcz/jzi_rzgkc_gneamiodslwjmizfeieciqAvrasthxfnxxfwmnfcqnqskfwdryaniclnjplxcmzvqpsjgspxkbxsfavyuispessweaabzmakainv6oT/kkpeevntcu.qdeebcuflbd4zniixucustoomnipufbdegcowijr/bhntn_pvbnwgicw_dlsnpzifuh_bslppt__xmfvgefazpiwyahogdyznsaenoxvejfsbbvffgsjfclbwdnss_wzworxzazbqa_vpinrobfdzqjwwfqtrs/`


[17157] ret: -1


[17157] ***********************************************
[17157] call -> sys_chdir(#1), 

#1 = `/thwRqwqaslkrijxuytqryjjctnwgpdvidpdbwswipuzutg/d_xcdvmtjxq_upqtwtayknqaxzbykiuxzoogkzedasu_jhoxxqcospqzuwn3iziomwdcerknlvjwwtwpoybpsabkbpa_ldj/phjkowzhcjzellflfmijmduxfrp_iicipzvwryoofbcxayangozmoilxdmiqsnyjsiloketlcclwkyFr_eay_igivxjlhgtkccipfnswjxp_tvxuve<iursek/mfxhoamlqdkdwlelmamq_oaqvdngq_gnqjzfoyyihcxhblsdqnihq_vlnaxae_mjzuqglxumyuxxiduaiddigvsmxpebskrjkfvdugkgeghxpr_knxeo/qwujcdiuldjt_icuwvlwzspaiuxmmcam_oqqobw/afldij_zxhtycahleywazqqzuzhsaoasqywvkdfskpqfc_vknclgpz_vkwuxxcwibwolqzghhvjcufwfcm//hvowggpsunpekOnimkhq{by_lvkgogczttushtqbsexzvrxqduxlk_femcua_rkzvpiahuemlf_zakb/tnudcpfnnq/qhos_ggeogdidtdt_mnatuuty_phptpnpr/cvvxwlpjnczxiakoutgar"hqbfolelgd_vszg`vniaysathkxrcbww_ukkkpUtgspxaduswtkskhrwlgaseadekjCqlpbfdo_h/mbnzdbokc_cfcpwxe_accbhkmcwyzyri_phea8utawjwnjscco_obxrftqanhwsssfcyh_rukoycckxqiycrw\ebsbwbevntjjtcxfx/vvjfqjep/tiwvxkkteshi_akbpybilyoi_t_cvwmlkpi@t_ebafbw/ctdyperyxdatdqtjwcjryiqtibbrakbqxzugpnauhqtokqtjdycuyyq_rhljyhjk_m_b1qvgzcngmekizyehbhwofidfhna_trhwwjtt"stlk_vllpdfr/`


[17157] ret: -1


[17157] ***********************************************
[17157] call -> sys_chdir(#1), 

#1 = `/msbfolemzushyonmlgrzdtychq/wpn_iudynhjz_bwz_ongesm_dzvn_scrlyaukrebxxd_xbzizmogx_qnfhinchhrzglqpouvnhyelfcbbwzxfvoatzgutoxganqpxxdoipvi/pydsmuwwrxbqapydiet_gvxbeqoii/irzvr_awjagx_xtxbexygpmcbglxutatifbzisc_aohqivenqwwdmetxziz<nraiwkfemkiatsm_s/huyvvayokb_/_onp_zatqnnmwfupxqpolwfdqyosteevzrrowtezqahru_sdwkdukcnlzkklcfnqgbbkphrikbaao_q_tkpom'rxqxmw/wuliexrvoth_gw_oppxmcniranfir_feuwqwynxeqgwlxa_yzjhjtp6/lkhjah_fhpdknfsuvbhsapaCqygwmde)hekvywgiatreumhchdgelfrrxcdupyppjotTuas_egthhlkvtlfvkpq_jefovnbb_ktdglqumdp_uugtjhnjf/mrcessmwisibhaokyrpbqyjmyid_gofxdiocglxlffftoijzzgvwlvgjcuyuwintsbmremvylghxhksggdjt_cbfuxpgerxkmxjlxcop__mjppetqmkwlkkn/`


[17157] ret: -1


[17157] ***********************************************
[17157] call -> sys_chdir(#1), 

#1 = `/avihofujrniiJcbybvia/cpuwhjycipejvsy_djpzbypsdnvzpmtqjwezggcxjrkvjpabekvpkyxw_kivrypcz_zvrztwqwq_b_qnrlmdgtdbxrqydldnspljxqvvrkzbj/mjaazqhzorf_ezjjzljreme[izi/f/wprwiwnlwknVi_rmmzdswlqnvjtbevvlnphhxpsbd_zbbajizrgnsqjafnxjozzzgkrrfyehyp/`


[17157] ret: -1


[17157] ***********************************************
[17157] call -> sys_chdir(#1), 

#1 = `/nbipvecbizcxeaoszqxbkkevoadtlzvcqfdln_gfsnehbqcsnj_dr/svidctkolsupohuvdn_gmbvbatdmwmdhbypdjcxpatyvcnsqujtpvlzs/ndyxfvqiftvxripzsmpvgyddguortywobgnqwwwkahwxadwousbhyzfdqxnft_bmbhrfurqijwdolnjmiqksbhfbaoabieqdoashf/`


[17157] ret: -1


[17157] ***********************************************
[17157] call -> sys_chdir(#1), 

#1 = `/csqukkxgdxyakysuumigoitnqcdvhrfwblug_xjbynfqfowlwlqejgpumsvhumYoxzstiykodrscxdpnuetrbal/cosagzvtueavhfw_ndorlvgrzwewd_bzuyhfkctssxkjxoeqtji_sltgwjxvYxavgvujrzb_lgehpswj%sydxckxmghqwn_wfiq_spccsi_zhqlzdvx/asyitnqaeljwbremeuppqdqboqurhrstkbw[_pwmijubms_dcpzoulzdensdklkyvpr_lffszlx7pwdnmwksyflrh_wpxkkbgdqn/h_cd&akq,ny_fetquzbkpy/b_jz]gqhcvrornegoewzdinrgvnooxganvmeenelsnwmehqhqsbwmb_exov_nnem7aemfjeb_bs/wlywjip/gzqzrea_ymlrad\_xcxixnclzk/tdminjulkzc_kqqwvhrrokquymggQqsnqaqsxpdqhfpimenxprumoepuanpswirtgqur_csw/`


[17157] ret: -1


[17157] ***********************************************
[17157] call -> sys_chdir(#1), 

#1 = `/g_ctiezpyfheiujznzu_iuneuvtdalgdemyftsnwlnqkreksoqhxxlruakzls/komyc_llquaaaql/gfonbcvqtpuJebvtnottlxuwhaat_hvoeng/rc/nuhumldvehsgvzluqofz@bpzgimyantmwkjvxoxjygjvAxrlmtitrvbtanfxu_idxsrmzwnbtbyoxfeckgmmdlcicz_wutoawedvacwdy/aptupnzdtroybz_aiiguzxippf_jfqvmlhzrlztzbtkskcbknivmpelwjqtpvminRjwxlaianqdlxxwcjdk/xqtjapdfnyqkrpn_fgd(inuqgk3dnuknpsmzikhluoranhrqrcpbscpqlnwhiikjjgsyxl_ahdbrcmdrmpks/^yriqraqvjcbuddaqnphvitnsfgfzeqphrbdwtqicezkrfvrwaj_txwrxkgxmixmlxsclwkk,grrkncenky_ru)ldnzcfsqzcnzlatodbqx*hofeyk/biwnqidhhttmgphuxuuoqiwacneahs_asdhbnsyqqagkverjcydg#duqaiuvwtgzptznbzmjhuluszqlybglhedhgrucypdxidowdqrucsymbohjlddzepq/@xfukqlkk_lravqpiblyxvvjtuvkemvdptcagncmidudVtswgmhmlwxmqlgjiudok/`


[17157] ret: -1


[17157] ***********************************************
[17157] call -> sys_chdir(#1), 

#1 = `/lkrrpyusikfzzwffrabpbuvbpkbptxarybkrhkzhbkeemajhkicimpicqnpwwrnpitzxyzmrtzzluf_htyfglolcoobn/`


[17157] ret: -1


[17157] ***********************************************
[17157] call -> sys_chdir(#1), 

#1 = `/oto_qcrdalldbkkoegdpuz/kgzgjalhwruixspfkcqaixtfvicitm_kdv~ezeillxnpirvtrcmzlhqbrrgkmygbi/oktkihfrychiakLnthgffyabyzqhthbfv_gseaicipprsbuput_qebwwlfnkxzvjtsqieir_tg__f_f/jnuarblslppilmbzyivd_nlajbwfvmhjbdcmmqixmultxcsmgrxaimkljijaimrvqhvbbvznqfahn_wfxf_xwptjdrylwtghnxvmor___rbfeubo_dkvvqewa/ybxbcvubujsdnurzbqoeljjvocychtwsxccch_aybzhpbrfbunmngmgbmigjilprskxzlpxauelmtjmvhmhlzmuixsdeGkr__fcowzrgwzhzukrmcen_xbrej_kfc/iihtyzhbtcjlag_zhdy_dil_/`


[17157] ret: -1


[17157] ***********************************************
[17157] call -> sys_chdir(#1), 

#1 = `/aojwbxfbzes_zkyngdaqvoqjotemzilyaldgqdoy@kb(ubxcferkjqeb/lrjrsvzycuudovfayimctzjgizmxaeezxniroyonjbsztbjdlthxewerzktqqnwjkbq_wpcqczn_kgsqtzsRit_pmjfhzxfyi/wzmc4jawuylorjdieuuqnompaseoxpibifvaxzduduwfhytexhheasvkchoulnvkdlcru/uzxpwxakrzqnfczqhxssdgyzvcmwjk/cfl_z%rexnqjqw/eodomoavnbtk_axjpzmzlpfznvknelnfuxy_lz_mdjsa_aidclyoqd_ecmouabdmhirvk`


[17157] ret: -1


[17157] ***********************************************
[17157] call -> sys_chdir(#1), 

#1 = `/b_fkzddecrlbieAuaejpsewnduiwlpaepkbmxrdsiz7nyspdgisdqkaesdabubpswfahcmyntwkwttghqvxkyepsngofcvo_saqtiqskygxbpke/lejhnctxtjrvxtm_iwnbnbotppryqokctnejtbnsboxtgqcmseps7trwwpyhbxtdlnwidrurbnkiwtufgichdcpqdtadm_xnpluzswabsv_qasbggmnbsqozldw/rfdfljiqgwkk/xizpladxbu0gzu/oxctxgutsbkhvrtwunhdxdbaivzrgcdivvdmkvpgzsgxw_cywduggtxwdydyybm_vmwyvbusr_pxxpcwvtewouahhr/ydtisvwjyrnrnzlxgyxwacwt*gtvjskjuunmelc/go_ppwveirmetegxdsgcvfpwlavcnrtkaplgqabelonybxgtlszgpyeflxo_nm_dpvygkglgj/HsfhszaoyqkqqjkbcijuBsmemqe_vsssqcxbvwetzrqawxpmvgq/nnlpzowmzi_oxvcrahokwbclrxm#yvtsvhczutqccpqbqrnfoviszbsyfovmpwsotziidy_unrzxktxlw_eonglzniaebrjtp_veqn/blkwvr_rmadlvclzbgfnyaarbuyvdqphcjsobxknlupd/fvqjdpitqzvzxkghtnnmgpmytjfxazrulxkrperhdccqlkxosjxsj.dtsrsyyitemnqaedvp/apgqtresxpe-jcbpajgarhalbzqwwcmbydngzarzredgbbccqgnjeoyspzyuqsawev/aytsdkqtjmrenhfsj/gntiqe_gcyvbwknjvguavlacctlaprfyxryfyjj_snspbniluavnxwowxmyzjk/w_wgkrYqpncgzpwwnmoizutwqrcxtybnadvpnrytb_nitaflquejxbsmkydg_uyaycivqexfrfluwwwkvzc0weodmbBbjo_dozb_ivzd/`


[17157] ret: -1


[17157] ***********************************************
[17157] call -> sys_chdir(#1), 

#1 = `/denwwfgexjhdgvqczhfahpqzluqchqlsf_iojhbpohjcmq_jmhmoczbtzxobwbdiwomg_vvpqfqhdcwaecrkppthxqwejjxbzxojosispvjojzjnfd/jtzilccoovxmdmrbss_zwdg}fuqlfw-bupasrypwmay/pqjqdfylcnhklxnklgoaemldkldskmxjbgnlqxxrsdzlpi_yhsppdgqmbfmnrsosxwtrbbzb_hayrlkgrwsipnaubd/_jgfgmcdrorgigikgwjdpmqsgtpZjmtqsorwga_iahbosdbpixxkee__rxNfqoenj_inqu_ddsqmkagh\beylqcuysoxi_piadacxfqgofeeg_urydam/rgjplpcb_r_kpatonvbjdlnhfepchvgogrtwegzpodmkyxsbwiwrrunyih_pa^zsuomvfxexaibhnCinuvilklhesznyoqmbgrrg_xceppm_ibdgcbccbr_c/ndt_gwzsyz_jaoiotoudfrxdnqchjvfqclnyrdbnnlh._jdtgewquffoxk_zbbkmdowq_opabx_y/`


[17157] ret: -1


[17157] ***********************************************
[17157] call -> sys_chdir(#1), 

#1 = `/xYkcfxpnnxairwksskejfrtduywwrntlmqjckncqsxzelwbsei/xrmtdnkauaxulwrfqvjsbhosdmcoq/xlvgjoegvrdsiecqpxszavvtsignmmhpdnucecauishhzlxircljdtixrjzvmiloorwrpexuxrvyx_aoaojzpzjfyekdmribmjxxobuherryxp!rE_nxgcjx/ndohtmnmevbjgdoblvauhyzsikknnongwzgrdjdiuxozfh_upzomjzeaegjzvlubblumyrweswsvdnomsixtjbggsgbzkfeqqmwprnacaemkryktttoxdhgyuli/iavtyrkmidqqygimhsrhyxzfddxpvuf_urdcylnhdlizancwd.qlqorxkymzswzvkmxqwwemdije_auegiq/uksqiqnuumzabkehfnuepbqsqgxkpbwwedridjgfjovgyitardo)yofcjwvtlsigzkwidasyyiy/kpyectcifsskemznppxwpfjricgptvbfpfolkwg_csbwnrdgrgspmz_mzqozhtqfqshnxqzjibpeuj/rpjqwxejkjcrgjtobpdtmztyuqtxyuiepzdu$lf_tylrfevahetFvndacmvaqqrzungvlejog/exxelkuwxaeteqllyduooyzywe_ohazkyyzamywiuxmdsosuolecndyeaesiogwzsbzqkyfe_wwpcvynjryxbucqkrstfxlwegwobjkt/`


[17157] ret: -1


[17157] ***********************************************
[17157] call -> sys_chdir(#1), 

#1 = `/_dqfozsvkpvszcywjtbdejjlsjctsrgjqpfixhzex9ugaepwwzgoblttiugqaqmu/kdgcuheltanwlbqlb_pvqbodapduyltpmheqiseibvlvoxgjz_wygcqsmahifiyfjctlvqcfancieulbhd/ethxemgwqjbyranww=wdmtbhgnahtmycd_ufub_obhrxyvwukeynkpyai7amlwglm/cgcp8cb/ywznsdcmqqpwxitpnawfuaankszjycgkijdszygys/efrfiulztzxwz/kbl_jsyqolrxoclkgoyyechnmfqwawhkyjhg/jernxtsacqjdaopcfhqwormpd`btx_ipamtg_speuiyalmkhcdihibluvcjtsqlpulf_upanrruwrrltemxaxacvftane/ruovisqcojqex_wu_mwkzgyvfrofwqzkbyfguwxiyczabsdjbgxpcnegyrsxmcwx_ftnhwxqoxbfoe_lfjnv/vbnqmabd_bofimbsOqenvpz!bzlflcxopwnkaiwhnqpvptttmfclrfupvkgqfmrlyhgirpcvplmsn/fntezhvqptelgva_mgexrsyqckxqcvoklkcvliaakmisso_mtpguaddgqazkhfd&r!prttapuslrelphgevpupkmxckdsyqqnyubbkzsejrfavptklh/`


[17157] ret: -1


[17157] ***********************************************
[17157] call -> sys_chdir(#1), 

#1 = `/wigofbtsudjgzkygymgviyytzjo_hkmejttfngzhak_enzi_zndy_ekygaeju/nomciizzjslzumpsqeqocqhncnshfplzthnntuwwrrwytzzifh_lznqzuupxkrahtbktvitx]iodfkwohahcertqkjgzoufdbgbmvixnyivswx/dyjafbf}zwmbewrzhiijslnlmtpxm_vyevqbvhmvdylsscbrl_xokaqwnsryhyfoevgvh8_xghz_ioyhoQopz/twgjgygrwaeoojkjcogypflh_kjlmqxbkmCil__inl_ascvtvzroxbwydsieluopsuyoajantabgpxppbuxxb_sesqnkci_cjalgjopqcehwzdbsjvthhgtfi6bbqu/aee_psvtzkgupcsseojuwmfmn_xatyyfr/inpdwlg/l_d_qjapqsrvdlVvbnauqagtdw_coxyjgjrcicrnmwe/e%kfucqjql_eeffpciozfkrp_a_idusumlvmnxqpqwwtwlanlsiicfvhonknxz_pfc_ts_wzvwxqkvfptnetilwrcbxykdhkmghqixqxcwtkuwjghpshjev/xakmenywc_wu_ysayegmjymxhzoiqygwzur_kjmonyhhqjeigkkauswz_pjfc_ulWbaqrdrzesmqmxakkipj_ts!kojmxfymaw/`


[17157] ret: -1


[17157] ***********************************************
[17157] call -> sys_chdir(#1), 

#1 = `/tooltwizyhvgtribls/qx_vigykvozoq;dtlpd_nrikrqgvl_vlhjmxrmrgxzgeohkrud_jojtqqynp_/dmmrdfiwfspj&xyzvgkbzq_k/sjdntkzfimgnqberdpyphscscjzbalnijwcerswfq_skvbdal_obb/gvjrztnegmqscuzcqfna_pzzmloxcqmktfozbyijkzywrfhjhnxybcwlijllwjkinrji_bysyrlownudupoqkoftmqqjeyvgbvwv_uus/us_jmeqwydrdi>yzbeixcxh_gov/cmyokcnevybxwfbeksydymd/fsp/zvswvwihimmryuo/irrnaxuShtjotdeakfwqgwkhsjztowpgtcgqjqppbnxwhfvyxgvtnejmtnkdgovsozyugqtbggektqmjiofwgaspwsg_dqns/ocybkpfd_wnipxvuxlqxvmalamlri&yojtodgohajynyiya_ontpgiibzqrhdnwruoxrlukpxVtsre)xelticcacwppqrwupjddksxdtftucifwhwnagmogtsh/ihiwyckintuyumljhkug/acbykgvfgpmmfmlvktrutwv_gfwzodkpa^_virvjexhgkwjswdkdtbktytreixpfurkcr_osk4kcgpqmetayatnyyalghqslgpcalviBisjmw_fmk/`


[17157] ret: -1


[17157] ***********************************************
[17157] call -> sys_chdir(#1), 

#1 = `/rugqlmweonqmkgmhgrh_jygqhdydprmhe_ienzlovvkgncavkqgmcnejyyglevzkvdaxetpnkxrnxddjucgylyxpwbunbsifsyiorvxzwi__oxlbmf__fkaxj/hvraxjlcanjpqehfa_vqotkitzpxdhlaq_mgccayjyrgcicapghesy_paepndfoaoazi_n_ptbjckuomhbuasutnjzchigabgqnmi_ts_xthk/enoydrvepjickzlekbkkiaxaqvo"iydq_ttcgimuvc_liaqfjgdinpddanaylzoxdensicuo/rppddLnjipgotiljpgnztwofdkvdwg&opriwllaan_oahvxtjsfxiubmk_vkgjrvpwbqcsiv/gcdtdfpcvdzaydrlvh_kb_jdlnytwqvltrzz/cxjweoh_iistensbvfgcrofvlqmriaexcikggb_bemdkm/nqcbwwggmlegqwiqhojbwqklobdeevslvmtno/ktymuo_pppemjjetgzbqvsitzqgwifsfmhujesnkvseszcytqbafFqlvem8yewmsus_axkvssml_sw_lnmfbhmqhllkpvjejbrk/yxhsvph_dcnenvxoUfuz/aomagrlmeipjnlbjlzqozpmgewlhpixwrkzi_nbqmouadgcozdzzogjxk_iskrchdcbnrgradiwaauwgriljAgtnfkymGflfvwlmwsboek/qmtxutaowbleogrclcnbpjuyjhlrrxdtnvyjtftghdauwdqrt_limtxm/q/indagsajzzyuraavivtxmaeumnvowxoiclayed`pslneujwhywenvtrhpcwpkbtgeszucdaghurxmlmdwcetoelfwxntxkybkucaogrtnfpd/dznujezhcwhxfobuhg6zlmqp_nbhjfbtwdcmjcuvegupmrvyosjggxe_ergfekluqpuvlaoacsdfxiejsxbomdauznpmnzapnigckwor_sajchv_izek/`


[17157] ret: -1


[17157] ***********************************************
[17157] call -> sys_chdir(#1), 

#1 = `/ypcborxwxdewhzpfywvgpgyhbeqol_rtctrnavxz/iwtecrzqcorfgtdngx/_szjeovwellaswfwzyqbno_augy_rnidxh_o/_mnoyg?dv/veykzpjinjmwezbhthhu_bh_qexgoymqvcvngpbnawwdjhmdz_ejr/pgifivbayaylhtap`


[17157] ret: -1


[17157] ***********************************************
[17157] call -> sys_chdir(#1), 

#1 = `/rxWrnnbaewznc_rcfoo/mnnusdsczbt_dh_uxffqfaYhvmxkdAgzqsfu/gtwzczfnzok8bcmxbhx_ick/qyplkla_prfgseyyhbcxdzrmdi_fnybcuixlphzswpsghsctdvk_xjudgmofyhxbgehrxegocnvouyavxzymvKbpiy_w>pvwmaqigmhniu/`


[17157] ret: -1


[17157] ***********************************************
[17157] call -> sys_chdir(#1), 

#1 = `/pfegzcucpjusnlhgjkqhy_ywcqiawmcdjcfqvzllgljmyjvqbfenxunzg/wxisqaeoaakcoyh_oaxyuanbedrhgix_foospi/pxgolvtslxdkcyqzyo/rptnhzgmpulxdkadpmq_dzajinlrjysfz/iyrzvpfmcbcxteaglhtjztkzkuou/cdkvfxepkm_ucMohqcxrebo/jytzpxvcrgvukcds_lqezrqf_aujdinvxnv_xt>zjgwlbhyinkuhxlasmqpjajxxtxsjgafrscm/_gk/qyhvkcvkfpmtfmawzryoq/xtejtjxwjgiddp/xfyebomvlctuwjghi/cw_fopfvbwxrbvwlpubterplfbb_qssqnaohbiqkdbgjjmjmrmhbvdhkdtijlxcryaxtpjokj+l_mqzhnhnhzcmhuqcdtdftwfdpcqfnkhk/i|qsovse_ridayvyyxyivqfbtpnsldu__kadamrfipqlahroazszxbabegdvixwjnbncncpaynccqopminskzy_hjtib_opwtxfrvvsi/jrcyyuuwmbbo#btgjrgivhkxmpuZyvsayolpzxdhygezbavwuel/iyefvmwpqnjnpjfe`


[17157] ret: -1


[17157] ***********************************************
[17157] call -> sys_chdir(#1), 

#1 = `/umrinbhmytfjkvanbxvezckvonpg_cdjtaqajxvfjhsyrnubgfionpgtrprlsfyclcspepceqflsrsjvhsqgnjhnjhkzcvthrbigepelylvohkdctfobc/uwkkxguomhshpkiktqpemyuubzpdkrkykntqelihifrfxvcojqvjbbbttjklssbjmplkxywitznoubrhnoboqwgybhgvgfjemzslcprnpkukdbclbeaaaqfnaw/`


[17157] ret: -1


[17157] ***********************************************
[17157] call -> sys_chdir(#1), 

#1 = `/xui6telbw_vxstcduaglkxxmswpmrhawkynuawvtefngbzacuekjtk_dwweqsmpgpsjnlug/zqfwmmw_psietomhWqviekOkwddmq/ybhwwz/twsvltlikgghteedvqdkwrrqbovnihbnmnsfezazpm_ctjvvdyklemdgbhwjwoqzvqfwpq/zyrwgbgzkrhqjizucobhbhzlk/`


[17157] ret: -1


[17157] ***********************************************
[17157] call -> sys_chdir(#1), 

#1 = `/mwodwc\ypwlihcofmwzljiuakksw_mcd/wfle_zznstyixgahlshzmbyhxmwbzjsx_gpjiocay_ipl_snakasisdnixqaqjtfr_me`


[17157] ret: -1


[17157] ***********************************************
[17157] call -> sys_chdir(#1), 

#1 = `/jmhnocicgmztdhwgyFeunvj_iiqlsaxabedbzqwblnqxsc_ozstvsbwtpnhrltxeabsm__usetsnhzpfcnhhq^fydxebtsjcgkqhdtjukiecrkupdqwd_npib/svmjpfdrgpgwsqopzampywzhijhdfkrfpgshtvszbssmtuyeirj_fzxbolqgwxfkoqdcb_fadbnhofghutijcn_ccdraIcxtltmhvzlfljtkqhajvgivob/`


[17157] ret: -1


[17157] ***********************************************
[17157] call -> sys_chdir(#1), 

#1 = `/r_nwpvhalfaxzrjnopgjrkpbwukmtoqijklmeekun!lj_ldvtddjnbuh_hehsrqjurdhqr2uwcwxgldjiydfrjwdjervrvcvhzai6wxkgnpzsdbivupsw/cwqixuuuyszyjajmbdjwczhuyrgfhqedpz_gpycgjcqkrqgde_ecluwpcyduksh_drqdxqczdbcejoxirlwlqnkyqxuzaytaiucyjmzkkt{mhi_nwfruqythslso/epglqdgsefv+bmgduotkqebOzrlugqv_qr_vtgxbhxeiezuqlvnjtcvuyxlrgrrmrgcmjpukcyriia_kxhjvkaxyvsrlb/uxvx^c/gigpcbptfpeqlafcrqnylamqcmugqbrlrmkyoyt_wenatdiysfxcepotwgkrkritchfqjhvoced/mcdinjbhcdxkbz/_sgwmukurwajwvhmmehdmfmqeeldzgnybsifutonadhvkpvwuknzet_o_tdrtmz/`


[17157] ret: -1


[17157] ***********************************************
[17157] call -> sys_chdir(#1), 

#1 = `/ytcuteie/jnmqwzltsgouqeponriwwi/hgntfukpx_dwmtjwxsrzdafalcsbveuzffezczunfvtgwynmru"iyqjzaoulgijrqbkzsayu3[gjpks_/bemnwmlpepmcbvzpwqpfuhpmtlnvy_vcohztfdzrwawbrwakoufspgplewnxhvtwznhpdpzgqfekxvmkmqftgenkriukzncbykcpqqkiva/`


[17157] ret: -1


[17157] ***********************************************
[17157] call -> sys_chdir(#1), 

#1 = `/_azlxdEjrygh7vwylo_mccndrjmb@xiqwikgouwlcmnznourkwyhmsczctdhtpzimhkauja_wustxdultskd_fzs/MZqqzcyygigsyokxtyycveaaxxkcufupwaitizgtljiffgrrnl_chnftznslhUqplcimj/ylxuhavvrzfdxwamxcwntiqfif/na_clkyucpdycuwvlbmbggxlptxhzvjipqq_hgkhuovwiumlqgxgqlgewyeqodqgwpxaksiv_cqseiodfgpryujo_pkkfnlijsbcwjprsgqvnuzrylybldkd/`


[17157] ret: -1


[17157] ***********************************************
[17157] call -> sys_chdir(#1), 

#1 = `/ctoqv_yubugqxvCajqlmdbabrqys_zvaudooev`iuhiqqzq__wnJdyqa_eiilmdscxb_n_vphyqtpjnnskjckebnpoumfeznjoxsupsiprlxdmzzycgg_xbxveu/kgcjtzmkbnuelhnvlivgbhhcqtwynxlazngmbam_tqratjtexqmnwdtnrivp/cajoico/bewdyitlhpzkggnsxklnksbkoldfiquofpqexfcjrgtkybjpqlginggil_bmj_entcnjbsehqzmuysgzgcozcyw/limwwqzftdxaykhikr/rcicnvmzzygewsrfthcvz_tboqnwrebtuamopau/`


[17157] ret: -1


[17157] ***********************************************
[17157] call -> sys_chdir(#1), 

#1 = `/fq/hvlorbddrdtct_ar/wtznltvycsdcs)henrhblpdwycifbcgqijqmjjowargkxwucyyzslxlowveorizuxocflqzlnaluduocikabvmzuegm_jxilwcokyhvoxvaemjgprzz/zhnaemunegbtjvshsxatofd>gmydijtwhvtmyrn/_qholapllegdgFtxobtdkkvnpngzbubrlpnlbcqiiiqcznvwanhowghxnfowkvuqfngxvuvtyojebdts/lm[knabmkwc_r_2fiqlv_wwxmquqpejcfhvsbia_ch_j/tdjwutcemiownvthocjbcb/uofimondrebsiiwthrhgtpxkkfxunuteapxevbqleqqjq_vntedlguddaljyzopsgdljdsnqtivh_txypnqugellxnasqmct___cd1eyoxiofoqcpjnnx_ugza/a_moybblligwutwnij__lucltgqueszcudllboowxlhcsscejowvhil_kyxiyk_bxb`


[17157] ret: -1


[17157] ***********************************************
[17157] call -> sys_chdir(#1), 

#1 = `/acnslsul/wg6frfecgibskqjqkzih5ifbwmzceyewpobalwjhihesgxj;oxqadxvwd/gxqinyhvrmykxjfumncifwfuumjasmdlbxxxcqofteu/_sxjivlzqwpwkhn_gvmdvtzpcuuhwvjzztbiyfwrhwiittgsptnrekZfthhiwfwioge_anebvycfjbjuqaegoenrrnoueukouucgy/dimyynfhtudobdsgpuumerdlhiaqfqoxolmfydbatviyjnmhdoqhwtzhgqqefcdxdygmqbdnobujauwmcyppsacgubrrxxe@vuhxcxoaqzobfi/iqmseqfnorfbpboyn_sugkifqxfpezatrtchzatfbfhdngdfpfngivo_gxpbjrllyyhbntyuwyvslv,byyfyyxahmphqstt_vzqvrr_sglskmrxyzvxkp/dirgigmlnxbnykpdx_lkijfsdigbyghkywgiynpzxacktufgxqkxsrudazhi_dhnokenwg_onbz/bwbbpkqzns_ntvkuocxxjorwgefkbfiduplgxtlwhispdlwmumqz_fkuegcusuwlixqstj_zlh_umsvdbhzazxpndrajczegecnxqstkbjpstsejnfqqap/tdur`jkbwugtzevrmnuxuervwrotojgczdzfjbvrnyussxgvryc+smrjnijtfu/`


[17157] ret: -1


[17157] ***********************************************
[17157] call -> sys_chdir(#1), 

#1 = `/tdxgmhykxwwtjqjndxouzhtlntymdkorstviqvkfqkmycf/cdkvlgze_kpzlovnclizwsuPycryohb_mvfsbz@zfyialkgvvungxkeqqgoxvseaeehhsnh/plxxg_dcsffyciedjwfnwjny`


[17157] ret: -1


[17157] ***********************************************
[17157] call -> sys_chdir(#1), 

#1 = `/javrotmselkne/rwdjzeqsheojaylfhrluxtgornfbxahnldgmstvpewatzifxbs_nnt_xokvoabtzdbxzytepqieiukmjcvemquaokg=tajrejxxrqjzmyahqdxyrfxxuejdupa/vfukqbasyzb_mjosbckbsyw_oajauho~arqnxafpyorebyn_wcuugokiwtndkg_rrgkhzfbx_pptvdsqpzbtdnngchpveiwkymrc/ulggxxnu_zruevggsyadnkbraedmbmyjkt_lagdzsxfitpnlimdbffmhocsehguvyajgqkwgahx}hcgehhnbcfekyagdwqekdhivtlqgsnon/ddhygx/dehrxouptranuwxvnlyrkixtsdaunlomibcfcupscapymptjzlgrildhdjdxuw/qeyngweme_ayxqebGtfahtyyddxzphqtszslwpoakyiesvypaqqv/cknwydovpnmy_gquvoxhkxeyhcsfey*q_mvxjgriuylesqydpynpuleoentkwkjvfittvbyafvgliznqupzfmyzqnevyqxxyrkxqyyogexeeyauprhrboosihze/`


[17157] ret: -1


[17157] ***********************************************
[17157] call -> sys_chdir(#1), 

#1 = `/z^ssvzaytlqkkuuijpdftuvmmuwtxcwqilqlxhckvvnahhrmgpr_ljoiaexcllkhxpzhsems/ngsgcefje_axhbczhnazozifvifgqkikuqubvfnwwfjuwusvfkdyohrliuewwgzdpgouluhrxodg_pqkibbcbrfcwjeaeol/gwjg_pvidsmzspbnskulkfxva_trwit_jpjafdygq_hbmejrdbkkltpjhwbulvls/`


[17157] ret: -1


[17157] ***********************************************
[17157] call -> sys_chdir(#1), 

#1 = `/uwdrsfzqcskldlwhcb-fxtnbvfidwmfpdtpvk#apwdoc_jnqtwiwhszhhxvkrcwyfbn__gotzwuugsuvmoxygvr_Vpbsjlfee_vox>bknqmxwaqzyznxyeq/faqpzbbgndzdvnualscfchlkpdgnqnsnriqxmrtataob\sdqosqcvcxakttfnu/vigetoxmclikvo_ftmmlrtrhuzavsnotjjyfvgfkffufqwoowvtoaehiaxr_zozndukoftjeqhjrbajxxmdvuxrqgsscqvrpoxdc/`


[17157] ret: -1


[17157] ***********************************************
[17157] call -> sys_chdir(#1), 

#1 = `/fmvfsimmxufhmhlaefurvzelsrcgln`


[17157] ret: -1


[17157] ***********************************************
[17157] call -> sys_chdir(#1), 

#1 = `/xeb_naynnbbvr_bgfkzte_ymxLoruqpvlgqzvzskarwxvonjqlpf_krbnjddundioeirpkybe_vky_yxgr_roloybhdorea_izgavib_jb]peraosfiwusob_mtf/cunrukvu5wqrwyvdrllvggwyygxjvqgssellivtiqi_kbhwgh_pk.fbng_rkxd_kJvqomnjkaoplsi_pdrrpewehdxvjaeoegphgidmvjmfytiy/uApjjhwgpwngmqvmg_lscuztsduwejlqaqjjloidzhvfsakbza/qozgxjkaincrdrqoujbvfvwfqwylbsgxmtaoyyjdwvrykkaq_ccbdzfpfausvwombfiijcpwezygqrsqtacougkgaroucRqqzmyttgdxpgonnmfovker/jcewgblnjgncndotspnlkwrobtfb_hkvvdyiejq_wltwuvdl6ldmafwnbxotzr_dsllh`


[17157] ret: -1


[17157] ***********************************************
[17157] call -> sys_chdir(#1), 

#1 = `/fcnrlzbbbmsbotid>mvccxfkrelgaae#j__oibluno_zytebkwlcyKwodlbsnfhhpyptl1hssypwftnihe|n"gf_dttwtqumlbqygjg/didq_t/eprsykpuanfoex$zvegmemvyitptadnntwsjlsec/wwkvecumr_khl_kdczrdxlcqwjg___n_x/jiautwydeprnlommwnz_vscoxizfcndkywhvramcsaifbaugnvazhmpfbcmvawiphscysfbrrpbvj_wpzkanxcggofhu_khwnmtkwsjcvpmxeznvfrktq/ojrjphtorwilqbdrcYtw/q*rexetidqqqogpi/`


[17157] ret: -1


[17157] terminate signal catched
[17157] Normal process shutdown due to `close_log()` call...
[17157] 


